{"/Users/carlos/Projects/aurora/spartan-ng-mcp/src/server.ts": {"path":"/Users/carlos/Projects/aurora/spartan-ng-mcp/src/server.ts","statementMap":{"0":{"start":{"line":18,"column":2},"end":{"line":58,"column":null}},"1":{"start":{"line":19,"column":4},"end":{"line":57,"column":null}},"2":{"start":{"line":20,"column":6},"end":{"line":20,"column":null}},"3":{"start":{"line":22,"column":6},"end":{"line":33,"column":null}},"4":{"start":{"line":23,"column":24},"end":{"line":23,"column":null}},"5":{"start":{"line":23,"column":48},"end":{"line":23,"column":85}},"6":{"start":{"line":24,"column":8},"end":{"line":32,"column":null}},"7":{"start":{"line":35,"column":6},"end":{"line":44,"column":null}},"8":{"start":{"line":36,"column":19},"end":{"line":36,"column":null}},"9":{"start":{"line":37,"column":8},"end":{"line":39,"column":null}},"10":{"start":{"line":38,"column":10},"end":{"line":38,"column":null}},"11":{"start":{"line":40,"column":8},"end":{"line":43,"column":null}},"12":{"start":{"line":47,"column":8},"end":{"line":47,"column":null}},"13":{"start":{"line":48,"column":6},"end":{"line":56,"column":null}},"14":{"start":{"line":62,"column":2},"end":{"line":64,"column":null}},"15":{"start":{"line":63,"column":4},"end":{"line":63,"column":null}},"16":{"start":{"line":68,"column":2},"end":{"line":71,"column":null}}},"fnMap":{"0":{"name":"wrapHandler","decl":{"start":{"line":17,"column":9},"end":{"line":17,"column":21}},"loc":{"start":{"line":17,"column":84},"end":{"line":59,"column":null}},"line":17},"1":{"name":"(anonymous_1)","decl":{"start":{"line":18,"column":9},"end":{"line":18,"column":16}},"loc":{"start":{"line":18,"column":25},"end":{"line":58,"column":null}},"line":18},"2":{"name":"(anonymous_2)","decl":{"start":{"line":23,"column":41},"end":{"line":23,"column":42}},"loc":{"start":{"line":23,"column":48},"end":{"line":23,"column":85}},"line":23},"3":{"name":"registerToolGroup","decl":{"start":{"line":61,"column":16},"end":{"line":61,"column":34}},"loc":{"start":{"line":61,"column":84},"end":{"line":65,"column":null}},"line":61},"4":{"name":"createServer","decl":{"start":{"line":67,"column":16},"end":{"line":67,"column":42}},"loc":{"start":{"line":67,"column":42},"end":{"line":72,"column":null}},"line":67}},"branchMap":{"0":{"loc":{"start":{"line":22,"column":6},"end":{"line":33,"column":null}},"type":"if","locations":[{"start":{"line":22,"column":6},"end":{"line":33,"column":null}},{"start":{},"end":{}}],"line":22},"1":{"loc":{"start":{"line":35,"column":6},"end":{"line":44,"column":null}},"type":"if","locations":[{"start":{"line":35,"column":6},"end":{"line":44,"column":null}},{"start":{},"end":{}}],"line":35},"2":{"loc":{"start":{"line":37,"column":8},"end":{"line":39,"column":null}},"type":"if","locations":[{"start":{"line":37,"column":8},"end":{"line":39,"column":null}},{"start":{},"end":{}}],"line":37},"3":{"loc":{"start":{"line":47,"column":8},"end":{"line":47,"column":null}},"type":"cond-expr","locations":[{"start":{"line":47,"column":33},"end":{"line":47,"column":49}},{"start":{"line":47,"column":49},"end":{"line":47,"column":null}}],"line":47}},"s":{"0":7,"1":6,"2":6,"3":5,"4":1,"5":1,"6":1,"7":4,"8":2,"9":2,"10":1,"11":2,"12":2,"13":5,"14":7,"15":7,"16":8},"f":{"0":7,"1":6,"2":1,"3":7,"4":8},"b":{"0":[1,4],"1":[2,2],"2":[1,1],"3":[1,1]},"meta":{"lastBranch":4,"lastFunction":5,"lastStatement":17,"seen":{"f:17:9:17:21":0,"s:18:2:58:Infinity":0,"f:18:9:18:16":1,"s:19:4:57:Infinity":1,"s:20:6:20:Infinity":2,"b:22:6:33:Infinity:undefined:undefined:undefined:undefined":0,"s:22:6:33:Infinity":3,"s:23:24:23:Infinity":4,"f:23:41:23:42":2,"s:23:48:23:85":5,"s:24:8:32:Infinity":6,"b:35:6:44:Infinity:undefined:undefined:undefined:undefined":1,"s:35:6:44:Infinity":7,"s:36:19:36:Infinity":8,"b:37:8:39:Infinity:undefined:undefined:undefined:undefined":2,"s:37:8:39:Infinity":9,"s:38:10:38:Infinity":10,"s:40:8:43:Infinity":11,"s:47:8:47:Infinity":12,"b:47:33:47:49:47:49:47:Infinity":3,"s:48:6:56:Infinity":13,"f:61:16:61:34":3,"s:62:2:64:Infinity":14,"s:63:4:63:Infinity":15,"f:67:16:67:42":4,"s:68:2:71:Infinity":16}}}
,"/Users/carlos/Projects/aurora/spartan-ng-mcp/src/cache/cache-manager.ts": {"path":"/Users/carlos/Projects/aurora/spartan-ng-mcp/src/cache/cache-manager.ts","statementMap":{"0":{"start":{"line":10,"column":18},"end":{"line":12,"column":null}},"1":{"start":{"line":13,"column":4},"end":{"line":13,"column":null}},"2":{"start":{"line":14,"column":4},"end":{"line":14,"column":null}},"3":{"start":{"line":27,"column":21},"end":{"line":27,"column":null}},"4":{"start":{"line":30,"column":4},"end":{"line":42,"column":null}},"5":{"start":{"line":31,"column":24},"end":{"line":31,"column":null}},"6":{"start":{"line":32,"column":6},"end":{"line":34,"column":null}},"7":{"start":{"line":33,"column":8},"end":{"line":33,"column":null}},"8":{"start":{"line":37,"column":25},"end":{"line":37,"column":null}},"9":{"start":{"line":38,"column":6},"end":{"line":41,"column":null}},"10":{"start":{"line":39,"column":8},"end":{"line":39,"column":null}},"11":{"start":{"line":40,"column":8},"end":{"line":40,"column":null}},"12":{"start":{"line":45,"column":17},"end":{"line":45,"column":null}},"13":{"start":{"line":48,"column":4},"end":{"line":48,"column":null}},"14":{"start":{"line":49,"column":4},"end":{"line":51,"column":null}},"15":{"start":{"line":53,"column":4},"end":{"line":53,"column":null}},"16":{"start":{"line":57,"column":4},"end":{"line":57,"column":null}},"17":{"start":{"line":58,"column":4},"end":{"line":58,"column":null}},"18":{"start":{"line":65,"column":4},"end":{"line":68,"column":null}},"19":{"start":{"line":72,"column":4},"end":{"line":72,"column":null}},"20":{"start":{"line":73,"column":4},"end":{"line":73,"column":null}}},"fnMap":{"0":{"name":"(anonymous_0)","decl":{"start":{"line":9,"column":2},"end":{"line":9,"column":14}},"loc":{"start":{"line":9,"column":52},"end":{"line":15,"column":null}},"line":9},"1":{"name":"(anonymous_1)","decl":{"start":{"line":21,"column":8},"end":{"line":21,"column":null}},"loc":{"start":{"line":26,"column":16},"end":{"line":54,"column":null}},"line":26},"2":{"name":"(anonymous_2)","decl":{"start":{"line":49,"column":51},"end":{"line":49,"column":57}},"loc":{"start":{"line":49,"column":57},"end":{"line":51,"column":5}},"line":49},"3":{"name":"(anonymous_3)","decl":{"start":{"line":56,"column":8},"end":{"line":56,"column":14}},"loc":{"start":{"line":56,"column":55},"end":{"line":59,"column":null}},"line":56},"4":{"name":"(anonymous_4)","decl":{"start":{"line":61,"column":8},"end":{"line":61,"column":null}},"loc":{"start":{"line":64,"column":5},"end":{"line":69,"column":null}},"line":64},"5":{"name":"(anonymous_5)","decl":{"start":{"line":71,"column":8},"end":{"line":71,"column":22}},"loc":{"start":{"line":71,"column":54},"end":{"line":74,"column":null}},"line":71}},"branchMap":{"0":{"loc":{"start":{"line":9,"column":32},"end":{"line":9,"column":52}},"type":"default-arg","locations":[{"start":{"line":9,"column":42},"end":{"line":9,"column":52}}],"line":9},"1":{"loc":{"start":{"line":11,"column":6},"end":{"line":11,"column":null}},"type":"binary-expr","locations":[{"start":{"line":11,"column":6},"end":{"line":11,"column":42}},{"start":{"line":11,"column":42},"end":{"line":11,"column":null}}],"line":11},"2":{"loc":{"start":{"line":25,"column":4},"end":{"line":25,"column":null}},"type":"default-arg","locations":[{"start":{"line":25,"column":14},"end":{"line":25,"column":null}}],"line":25},"3":{"loc":{"start":{"line":30,"column":4},"end":{"line":42,"column":null}},"type":"if","locations":[{"start":{"line":30,"column":4},"end":{"line":42,"column":null}},{"start":{},"end":{}}],"line":30},"4":{"loc":{"start":{"line":32,"column":6},"end":{"line":34,"column":null}},"type":"if","locations":[{"start":{"line":32,"column":6},"end":{"line":34,"column":null}},{"start":{},"end":{}}],"line":32},"5":{"loc":{"start":{"line":38,"column":6},"end":{"line":41,"column":null}},"type":"if","locations":[{"start":{"line":38,"column":6},"end":{"line":41,"column":null}},{"start":{},"end":{}}],"line":38},"6":{"loc":{"start":{"line":38,"column":10},"end":{"line":38,"column":75}},"type":"binary-expr","locations":[{"start":{"line":38,"column":10},"end":{"line":38,"column":28}},{"start":{"line":38,"column":28},"end":{"line":38,"column":49}},{"start":{"line":38,"column":49},"end":{"line":38,"column":75}}],"line":38}},"s":{"0":9,"1":9,"2":9,"3":13,"4":13,"5":12,"6":12,"7":1,"8":11,"9":11,"10":0,"11":0,"12":12,"13":12,"14":12,"15":12,"16":2,"17":2,"18":1,"19":1,"20":1},"f":{"0":9,"1":13,"2":1,"3":2,"4":1,"5":1},"b":{"0":[9],"1":[9,9],"2":[13],"3":[12,1],"4":[1,11],"5":[0,11],"6":[11,0,0]},"meta":{"lastBranch":7,"lastFunction":6,"lastStatement":21,"seen":{"f:9:2:9:14":0,"b:9:42:9:52":0,"s:10:18:12:Infinity":0,"b:11:6:11:42:11:42:11:Infinity":1,"s:13:4:13:Infinity":1,"s:14:4:14:Infinity":2,"f:21:8:21:Infinity":1,"b:25:14:25:Infinity":2,"s:27:21:27:Infinity":3,"b:30:4:42:Infinity:undefined:undefined:undefined:undefined":3,"s:30:4:42:Infinity":4,"s:31:24:31:Infinity":5,"b:32:6:34:Infinity:undefined:undefined:undefined:undefined":4,"s:32:6:34:Infinity":6,"s:33:8:33:Infinity":7,"s:37:25:37:Infinity":8,"b:38:6:41:Infinity:undefined:undefined:undefined:undefined":5,"s:38:6:41:Infinity":9,"b:38:10:38:28:38:28:38:49:38:49:38:75":6,"s:39:8:39:Infinity":10,"s:40:8:40:Infinity":11,"s:45:17:45:Infinity":12,"s:48:4:48:Infinity":13,"s:49:4:51:Infinity":14,"f:49:51:49:57":2,"s:53:4:53:Infinity":15,"f:56:8:56:14":3,"s:57:4:57:Infinity":16,"s:58:4:58:Infinity":17,"f:61:8:61:Infinity":4,"s:65:4:68:Infinity":18,"f:71:8:71:22":5,"s:72:4:72:Infinity":19,"s:73:4:73:Infinity":20}}}
,"/Users/carlos/Projects/aurora/spartan-ng-mcp/src/cache/file-cache.ts": {"path":"/Users/carlos/Projects/aurora/spartan-ng-mcp/src/cache/file-cache.ts","statementMap":{"0":{"start":{"line":23,"column":2},"end":{"line":27,"column":null}},"1":{"start":{"line":24,"column":4},"end":{"line":26,"column":null}},"2":{"start":{"line":28,"column":2},"end":{"line":33,"column":null}},"3":{"start":{"line":29,"column":4},"end":{"line":32,"column":null}},"4":{"start":{"line":34,"column":2},"end":{"line":34,"column":null}},"5":{"start":{"line":38,"column":8},"end":{"line":38,"column":null}},"6":{"start":{"line":39,"column":8},"end":{"line":39,"column":null}},"7":{"start":{"line":40,"column":2},"end":{"line":47,"column":null}},"8":{"start":{"line":44,"column":4},"end":{"line":46,"column":null}},"9":{"start":{"line":55,"column":21},"end":{"line":55,"column":null}},"10":{"start":{"line":59,"column":4},"end":{"line":59,"column":null}},"11":{"start":{"line":60,"column":4},"end":{"line":62,"column":null}},"12":{"start":{"line":66,"column":4},"end":{"line":66,"column":null}},"13":{"start":{"line":70,"column":20},"end":{"line":70,"column":null}},"14":{"start":{"line":71,"column":10},"end":{"line":71,"column":null}},"15":{"start":{"line":72,"column":4},"end":{"line":72,"column":null}},"16":{"start":{"line":73,"column":4},"end":{"line":73,"column":null}},"17":{"start":{"line":77,"column":4},"end":{"line":99,"column":null}},"18":{"start":{"line":78,"column":19},"end":{"line":78,"column":null}},"19":{"start":{"line":79,"column":18},"end":{"line":79,"column":null}},"20":{"start":{"line":80,"column":20},"end":{"line":80,"column":null}},"21":{"start":{"line":81,"column":23},"end":{"line":81,"column":null}},"22":{"start":{"line":82,"column":20},"end":{"line":82,"column":null}},"23":{"start":{"line":83,"column":20},"end":{"line":83,"column":null}},"24":{"start":{"line":85,"column":6},"end":{"line":85,"column":null}},"25":{"start":{"line":87,"column":6},"end":{"line":93,"column":null}},"26":{"start":{"line":92,"column":8},"end":{"line":92,"column":null}},"27":{"start":{"line":94,"column":6},"end":{"line":98,"column":null}},"28":{"start":{"line":103,"column":4},"end":{"line":116,"column":null}},"29":{"start":{"line":104,"column":19},"end":{"line":104,"column":null}},"30":{"start":{"line":105,"column":12},"end":{"line":105,"column":null}},"31":{"start":{"line":106,"column":6},"end":{"line":106,"column":null}},"32":{"start":{"line":107,"column":20},"end":{"line":107,"column":null}},"33":{"start":{"line":108,"column":6},"end":{"line":108,"column":null}},"34":{"start":{"line":110,"column":6},"end":{"line":110,"column":null}},"35":{"start":{"line":110,"column":41},"end":{"line":110,"column":null}},"36":{"start":{"line":111,"column":6},"end":{"line":115,"column":null}},"37":{"start":{"line":120,"column":19},"end":{"line":122,"column":null}},"38":{"start":{"line":124,"column":4},"end":{"line":124,"column":null}},"39":{"start":{"line":125,"column":4},"end":{"line":125,"column":null}},"40":{"start":{"line":129,"column":4},"end":{"line":129,"column":null}},"41":{"start":{"line":133,"column":40},"end":{"line":133,"column":null}},"42":{"start":{"line":134,"column":19},"end":{"line":134,"column":null}},"43":{"start":{"line":135,"column":16},"end":{"line":135,"column":null}},"44":{"start":{"line":137,"column":4},"end":{"line":146,"column":null}},"45":{"start":{"line":138,"column":6},"end":{"line":145,"column":null}},"46":{"start":{"line":139,"column":14},"end":{"line":139,"column":null}},"47":{"start":{"line":140,"column":22},"end":{"line":140,"column":null}},"48":{"start":{"line":141,"column":8},"end":{"line":141,"column":null}},"49":{"start":{"line":141,"column":42},"end":{"line":141,"column":61}},"50":{"start":{"line":142,"column":8},"end":{"line":142,"column":null}},"51":{"start":{"line":144,"column":8},"end":{"line":144,"column":null}},"52":{"start":{"line":148,"column":4},"end":{"line":153,"column":null}}},"fnMap":{"0":{"name":"sanitizeSegment","decl":{"start":{"line":22,"column":9},"end":{"line":22,"column":25}},"loc":{"start":{"line":22,"column":65},"end":{"line":35,"column":null}},"line":22},"1":{"name":"assertWithinBase","decl":{"start":{"line":37,"column":9},"end":{"line":37,"column":26}},"loc":{"start":{"line":37,"column":71},"end":{"line":48,"column":null}},"line":37},"2":{"name":"(anonymous_2)","decl":{"start":{"line":54,"column":2},"end":{"line":54,"column":null}},"loc":{"start":{"line":58,"column":4},"end":{"line":63,"column":null}},"line":58},"3":{"name":"(anonymous_3)","decl":{"start":{"line":65,"column":10},"end":{"line":65,"column":31}},"loc":{"start":{"line":65,"column":31},"end":{"line":67,"column":null}},"line":65},"4":{"name":"(anonymous_4)","decl":{"start":{"line":69,"column":10},"end":{"line":69,"column":19}},"loc":{"start":{"line":69,"column":65},"end":{"line":74,"column":null}},"line":69},"5":{"name":"(anonymous_5)","decl":{"start":{"line":76,"column":8},"end":{"line":76,"column":15}},"loc":{"start":{"line":76,"column":78},"end":{"line":100,"column":null}},"line":76},"6":{"name":"(anonymous_6)","decl":{"start":{"line":102,"column":8},"end":{"line":102,"column":15}},"loc":{"start":{"line":102,"column":77},"end":{"line":117,"column":null}},"line":102},"7":{"name":"(anonymous_7)","decl":{"start":{"line":119,"column":8},"end":{"line":119,"column":14}},"loc":{"start":{"line":119,"column":55},"end":{"line":126,"column":null}},"line":119},"8":{"name":"(anonymous_8)","decl":{"start":{"line":128,"column":8},"end":{"line":128,"column":22}},"loc":{"start":{"line":128,"column":54},"end":{"line":130,"column":null}},"line":128},"9":{"name":"(anonymous_9)","decl":{"start":{"line":132,"column":8},"end":{"line":132,"column":41}},"loc":{"start":{"line":132,"column":41},"end":{"line":154,"column":null}},"line":132},"10":{"name":"(anonymous_10)","decl":{"start":{"line":141,"column":35},"end":{"line":141,"column":36}},"loc":{"start":{"line":141,"column":42},"end":{"line":141,"column":61}},"line":141}},"branchMap":{"0":{"loc":{"start":{"line":23,"column":2},"end":{"line":27,"column":null}},"type":"if","locations":[{"start":{"line":23,"column":2},"end":{"line":27,"column":null}},{"start":{},"end":{}}],"line":23},"1":{"loc":{"start":{"line":23,"column":6},"end":{"line":23,"column":59}},"type":"binary-expr","locations":[{"start":{"line":23,"column":6},"end":{"line":23,"column":37}},{"start":{"line":23,"column":37},"end":{"line":23,"column":59}}],"line":23},"2":{"loc":{"start":{"line":28,"column":2},"end":{"line":33,"column":null}},"type":"if","locations":[{"start":{"line":28,"column":2},"end":{"line":33,"column":null}},{"start":{},"end":{}}],"line":28},"3":{"loc":{"start":{"line":40,"column":2},"end":{"line":47,"column":null}},"type":"if","locations":[{"start":{"line":40,"column":2},"end":{"line":47,"column":null}},{"start":{},"end":{}}],"line":40},"4":{"loc":{"start":{"line":41,"column":4},"end":{"line":42,"column":null}},"type":"binary-expr","locations":[{"start":{"line":41,"column":4},"end":{"line":41,"column":null}},{"start":{"line":42,"column":4},"end":{"line":42,"column":null}}],"line":41},"5":{"loc":{"start":{"line":56,"column":4},"end":{"line":56,"column":null}},"type":"default-arg","locations":[{"start":{"line":56,"column":14},"end":{"line":56,"column":null}}],"line":56},"6":{"loc":{"start":{"line":61,"column":6},"end":{"line":62,"column":null}},"type":"binary-expr","locations":[{"start":{"line":61,"column":6},"end":{"line":61,"column":null}},{"start":{"line":62,"column":6},"end":{"line":62,"column":null}}],"line":61},"7":{"loc":{"start":{"line":62,"column":13},"end":{"line":62,"column":75}},"type":"binary-expr","locations":[{"start":{"line":62,"column":13},"end":{"line":62,"column":52}},{"start":{"line":62,"column":52},"end":{"line":62,"column":75}}],"line":62},"8":{"loc":{"start":{"line":87,"column":6},"end":{"line":93,"column":null}},"type":"if","locations":[{"start":{"line":87,"column":6},"end":{"line":93,"column":null}},{"start":{},"end":{}}],"line":87},"9":{"loc":{"start":{"line":88,"column":8},"end":{"line":90,"column":null}},"type":"binary-expr","locations":[{"start":{"line":88,"column":8},"end":{"line":88,"column":null}},{"start":{"line":89,"column":8},"end":{"line":89,"column":null}},{"start":{"line":90,"column":9},"end":{"line":90,"column":null}}],"line":88},"10":{"loc":{"start":{"line":110,"column":6},"end":{"line":110,"column":null}},"type":"if","locations":[{"start":{"line":110,"column":6},"end":{"line":110,"column":null}},{"start":{},"end":{}}],"line":110},"11":{"loc":{"start":{"line":120,"column":19},"end":{"line":122,"column":null}},"type":"cond-expr","locations":[{"start":{"line":120,"column":19},"end":{"line":121,"column":null}},{"start":{"line":122,"column":8},"end":{"line":122,"column":null}}],"line":120}},"s":{"0":72,"1":2,"2":70,"3":3,"4":67,"5":48,"6":48,"7":48,"8":0,"9":23,"10":23,"11":23,"12":81,"13":47,"14":47,"15":47,"16":47,"17":21,"18":21,"19":21,"20":5,"21":5,"22":5,"23":5,"24":5,"25":17,"26":16,"27":1,"28":26,"29":26,"30":26,"31":26,"32":22,"33":22,"34":4,"35":3,"36":1,"37":4,"38":4,"39":4,"40":2,"41":2,"42":2,"43":2,"44":2,"45":8,"46":8,"47":8,"48":2,"49":3,"50":2,"51":6,"52":2},"f":{"0":72,"1":48,"2":23,"3":81,"4":47,"5":21,"6":26,"7":4,"8":2,"9":2,"10":3},"b":{"0":[2,70],"1":[72,72],"2":[3,67],"3":[0,48],"4":[48,0],"5":[23],"6":[23,9],"7":[9,9],"8":[16,1],"9":[17,17,16],"10":[3,1],"11":[2,2]},"meta":{"lastBranch":12,"lastFunction":11,"lastStatement":53,"seen":{"f:22:9:22:25":0,"b:23:2:27:Infinity:undefined:undefined:undefined:undefined":0,"s:23:2:27:Infinity":0,"b:23:6:23:37:23:37:23:59":1,"s:24:4:26:Infinity":1,"b:28:2:33:Infinity:undefined:undefined:undefined:undefined":2,"s:28:2:33:Infinity":2,"s:29:4:32:Infinity":3,"s:34:2:34:Infinity":4,"f:37:9:37:26":1,"s:38:8:38:Infinity":5,"s:39:8:39:Infinity":6,"b:40:2:47:Infinity:undefined:undefined:undefined:undefined":3,"s:40:2:47:Infinity":7,"b:41:4:41:Infinity:42:4:42:Infinity":4,"s:44:4:46:Infinity":8,"f:54:2:54:Infinity":2,"b:56:14:56:Infinity":5,"s:55:21:55:Infinity":9,"s:59:4:59:Infinity":10,"s:60:4:62:Infinity":11,"b:61:6:61:Infinity:62:6:62:Infinity":6,"b:62:13:62:52:62:52:62:75":7,"f:65:10:65:31":3,"s:66:4:66:Infinity":12,"f:69:10:69:19":4,"s:70:20:70:Infinity":13,"s:71:10:71:Infinity":14,"s:72:4:72:Infinity":15,"s:73:4:73:Infinity":16,"f:76:8:76:15":5,"s:77:4:99:Infinity":17,"s:78:19:78:Infinity":18,"s:79:18:79:Infinity":19,"s:80:20:80:Infinity":20,"s:81:23:81:Infinity":21,"s:82:20:82:Infinity":22,"s:83:20:83:Infinity":23,"s:85:6:85:Infinity":24,"b:87:6:93:Infinity:undefined:undefined:undefined:undefined":8,"s:87:6:93:Infinity":25,"b:88:8:88:Infinity:89:8:89:Infinity:90:9:90:Infinity":9,"s:92:8:92:Infinity":26,"s:94:6:98:Infinity":27,"f:102:8:102:15":6,"s:103:4:116:Infinity":28,"s:104:19:104:Infinity":29,"s:105:12:105:Infinity":30,"s:106:6:106:Infinity":31,"s:107:20:107:Infinity":32,"s:108:6:108:Infinity":33,"b:110:6:110:Infinity:undefined:undefined:undefined:undefined":10,"s:110:6:110:Infinity":34,"s:110:41:110:Infinity":35,"s:111:6:115:Infinity":36,"f:119:8:119:14":7,"s:120:19:122:Infinity":37,"b:120:19:121:Infinity:122:8:122:Infinity":11,"s:124:4:124:Infinity":38,"s:125:4:125:Infinity":39,"f:128:8:128:22":8,"s:129:4:129:Infinity":40,"f:132:8:132:41":9,"s:133:40:133:Infinity":41,"s:134:19:134:Infinity":42,"s:135:16:135:Infinity":43,"s:137:4:146:Infinity":44,"s:138:6:145:Infinity":45,"s:139:14:139:Infinity":46,"s:140:22:140:Infinity":47,"s:141:8:141:Infinity":48,"f:141:35:141:36":10,"s:141:42:141:61":49,"s:142:8:142:Infinity":50,"s:144:8:144:Infinity":51,"s:148:4:153:Infinity":52}}}
,"/Users/carlos/Projects/aurora/spartan-ng-mcp/src/cache/memory-cache.ts": {"path":"/Users/carlos/Projects/aurora/spartan-ng-mcp/src/cache/memory-cache.ts","statementMap":{"0":{"start":{"line":9,"column":18},"end":{"line":9,"column":null}},"1":{"start":{"line":10,"column":17},"end":{"line":10,"column":null}},"2":{"start":{"line":11,"column":19},"end":{"line":11,"column":null}},"3":{"start":{"line":14,"column":21},"end":{"line":14,"column":42}},"4":{"start":{"line":15,"column":21},"end":{"line":15,"column":37}},"5":{"start":{"line":19,"column":18},"end":{"line":19,"column":null}},"6":{"start":{"line":20,"column":4},"end":{"line":23,"column":null}},"7":{"start":{"line":21,"column":6},"end":{"line":21,"column":null}},"8":{"start":{"line":22,"column":6},"end":{"line":22,"column":null}},"9":{"start":{"line":25,"column":4},"end":{"line":29,"column":null}},"10":{"start":{"line":26,"column":6},"end":{"line":26,"column":null}},"11":{"start":{"line":27,"column":6},"end":{"line":27,"column":null}},"12":{"start":{"line":28,"column":6},"end":{"line":28,"column":null}},"13":{"start":{"line":31,"column":4},"end":{"line":31,"column":null}},"14":{"start":{"line":32,"column":4},"end":{"line":32,"column":null}},"15":{"start":{"line":37,"column":4},"end":{"line":42,"column":null}},"16":{"start":{"line":38,"column":23},"end":{"line":38,"column":null}},"17":{"start":{"line":39,"column":6},"end":{"line":41,"column":null}},"18":{"start":{"line":40,"column":8},"end":{"line":40,"column":null}},"19":{"start":{"line":44,"column":4},"end":{"line":44,"column":null}},"20":{"start":{"line":48,"column":4},"end":{"line":48,"column":null}},"21":{"start":{"line":52,"column":4},"end":{"line":52,"column":null}},"22":{"start":{"line":53,"column":4},"end":{"line":53,"column":null}},"23":{"start":{"line":54,"column":4},"end":{"line":54,"column":null}},"24":{"start":{"line":58,"column":18},"end":{"line":58,"column":null}},"25":{"start":{"line":59,"column":4},"end":{"line":64,"column":null}}},"fnMap":{"0":{"name":"(anonymous_0)","decl":{"start":{"line":13,"column":2},"end":{"line":13,"column":null}},"loc":{"start":{"line":16,"column":4},"end":{"line":16,"column":null}},"line":16},"1":{"name":"(anonymous_1)","decl":{"start":{"line":18,"column":2},"end":{"line":18,"column":6}},"loc":{"start":{"line":18,"column":29},"end":{"line":33,"column":null}},"line":18},"2":{"name":"(anonymous_2)","decl":{"start":{"line":35,"column":2},"end":{"line":35,"column":6}},"loc":{"start":{"line":35,"column":34},"end":{"line":45,"column":null}},"line":35},"3":{"name":"(anonymous_3)","decl":{"start":{"line":47,"column":2},"end":{"line":47,"column":13}},"loc":{"start":{"line":47,"column":32},"end":{"line":49,"column":null}},"line":47},"4":{"name":"(anonymous_4)","decl":{"start":{"line":51,"column":2},"end":{"line":51,"column":16}},"loc":{"start":{"line":51,"column":16},"end":{"line":55,"column":null}},"line":51},"5":{"name":"(anonymous_5)","decl":{"start":{"line":57,"column":2},"end":{"line":57,"column":22}},"loc":{"start":{"line":57,"column":22},"end":{"line":65,"column":null}},"line":57}},"branchMap":{"0":{"loc":{"start":{"line":14,"column":21},"end":{"line":14,"column":null}},"type":"default-arg","locations":[{"start":{"line":14,"column":42},"end":{"line":14,"column":null}}],"line":14},"1":{"loc":{"start":{"line":15,"column":21},"end":{"line":15,"column":null}},"type":"default-arg","locations":[{"start":{"line":15,"column":37},"end":{"line":15,"column":null}}],"line":15},"2":{"loc":{"start":{"line":20,"column":4},"end":{"line":23,"column":null}},"type":"if","locations":[{"start":{"line":20,"column":4},"end":{"line":23,"column":null}},{"start":{},"end":{}}],"line":20},"3":{"loc":{"start":{"line":25,"column":4},"end":{"line":29,"column":null}},"type":"if","locations":[{"start":{"line":25,"column":4},"end":{"line":29,"column":null}},{"start":{},"end":{}}],"line":25},"4":{"loc":{"start":{"line":37,"column":4},"end":{"line":42,"column":null}},"type":"if","locations":[{"start":{"line":37,"column":4},"end":{"line":42,"column":null}},{"start":{},"end":{}}],"line":37},"5":{"loc":{"start":{"line":37,"column":8},"end":{"line":37,"column":68}},"type":"binary-expr","locations":[{"start":{"line":37,"column":8},"end":{"line":37,"column":46}},{"start":{"line":37,"column":46},"end":{"line":37,"column":68}}],"line":37},"6":{"loc":{"start":{"line":39,"column":6},"end":{"line":41,"column":null}},"type":"if","locations":[{"start":{"line":39,"column":6},"end":{"line":41,"column":null}},{"start":{},"end":{}}],"line":39},"7":{"loc":{"start":{"line":63,"column":15},"end":{"line":63,"column":null}},"type":"cond-expr","locations":[{"start":{"line":63,"column":27},"end":{"line":63,"column":74}},{"start":{"line":63,"column":74},"end":{"line":63,"column":null}}],"line":63}},"s":{"0":20,"1":20,"2":20,"3":20,"4":20,"5":26,"6":26,"7":17,"8":17,"9":9,"10":1,"11":1,"12":1,"13":8,"14":8,"15":27,"16":1,"17":1,"18":1,"19":27,"20":1,"21":5,"22":5,"23":5,"24":4,"25":4},"f":{"0":20,"1":26,"2":27,"3":1,"4":5,"5":4},"b":{"0":[20],"1":[20],"2":[17,9],"3":[1,8],"4":[1,26],"5":[27,2],"6":[1,0],"7":[1,3]},"meta":{"lastBranch":8,"lastFunction":6,"lastStatement":26,"seen":{"s:9:18:9:Infinity":0,"s:10:17:10:Infinity":1,"s:11:19:11:Infinity":2,"f:13:2:13:Infinity":0,"b:14:42:14:Infinity":0,"b:15:37:15:Infinity":1,"s:14:21:14:42":3,"s:15:21:15:37":4,"f:18:2:18:6":1,"s:19:18:19:Infinity":5,"b:20:4:23:Infinity:undefined:undefined:undefined:undefined":2,"s:20:4:23:Infinity":6,"s:21:6:21:Infinity":7,"s:22:6:22:Infinity":8,"b:25:4:29:Infinity:undefined:undefined:undefined:undefined":3,"s:25:4:29:Infinity":9,"s:26:6:26:Infinity":10,"s:27:6:27:Infinity":11,"s:28:6:28:Infinity":12,"s:31:4:31:Infinity":13,"s:32:4:32:Infinity":14,"f:35:2:35:6":2,"b:37:4:42:Infinity:undefined:undefined:undefined:undefined":4,"s:37:4:42:Infinity":15,"b:37:8:37:46:37:46:37:68":5,"s:38:23:38:Infinity":16,"b:39:6:41:Infinity:undefined:undefined:undefined:undefined":6,"s:39:6:41:Infinity":17,"s:40:8:40:Infinity":18,"s:44:4:44:Infinity":19,"f:47:2:47:13":3,"s:48:4:48:Infinity":20,"f:51:2:51:16":4,"s:52:4:52:Infinity":21,"s:53:4:53:Infinity":22,"s:54:4:54:Infinity":23,"f:57:2:57:22":5,"s:58:18:58:Infinity":24,"s:59:4:64:Infinity":25,"b:63:27:63:74:63:74:63:Infinity":7}}}
,"/Users/carlos/Projects/aurora/spartan-ng-mcp/src/data/analog-api.ts": {"path":"/Users/carlos/Projects/aurora/spartan-ng-mcp/src/data/analog-api.ts","statementMap":{"0":{"start":{"line":21,"column":30},"end":{"line":21,"column":null}},"1":{"start":{"line":23,"column":29},"end":{"line":27,"column":null}},"2":{"start":{"line":30,"column":42},"end":{"line":30,"column":null}},"3":{"start":{"line":31,"column":25},"end":{"line":31,"column":null}},"4":{"start":{"line":32,"column":25},"end":{"line":32,"column":null}},"5":{"start":{"line":36,"column":4},"end":{"line":38,"column":null}},"6":{"start":{"line":37,"column":6},"end":{"line":37,"column":null}},"7":{"start":{"line":40,"column":21},"end":{"line":42,"column":null}},"8":{"start":{"line":44,"column":17},"end":{"line":44,"column":null}},"9":{"start":{"line":45,"column":4},"end":{"line":50,"column":null}},"10":{"start":{"line":46,"column":6},"end":{"line":49,"column":null}},"11":{"start":{"line":52,"column":26},"end":{"line":52,"column":null}},"12":{"start":{"line":53,"column":19},"end":{"line":53,"column":null}},"13":{"start":{"line":55,"column":4},"end":{"line":64,"column":null}},"14":{"start":{"line":56,"column":6},"end":{"line":63,"column":null}},"15":{"start":{"line":61,"column":60},"end":{"line":61,"column":69}},"16":{"start":{"line":66,"column":19},"end":{"line":66,"column":null}},"17":{"start":{"line":67,"column":4},"end":{"line":67,"column":null}},"18":{"start":{"line":68,"column":4},"end":{"line":68,"column":null}},"19":{"start":{"line":69,"column":4},"end":{"line":69,"column":null}},"20":{"start":{"line":73,"column":16},"end":{"line":73,"column":null}},"21":{"start":{"line":75,"column":22},"end":{"line":75,"column":null}},"22":{"start":{"line":76,"column":28},"end":{"line":76,"column":null}},"23":{"start":{"line":77,"column":25},"end":{"line":77,"column":null}},"24":{"start":{"line":79,"column":21},"end":{"line":79,"column":null}},"25":{"start":{"line":80,"column":20},"end":{"line":80,"column":null}},"26":{"start":{"line":81,"column":21},"end":{"line":81,"column":null}},"27":{"start":{"line":82,"column":28},"end":{"line":82,"column":null}},"28":{"start":{"line":84,"column":4},"end":{"line":93,"column":null}},"29":{"start":{"line":97,"column":16},"end":{"line":97,"column":null}},"30":{"start":{"line":98,"column":4},"end":{"line":98,"column":null}},"31":{"start":{"line":106,"column":2},"end":{"line":106,"column":null}},"32":{"start":{"line":106,"column":18},"end":{"line":106,"column":null}},"33":{"start":{"line":108,"column":39},"end":{"line":108,"column":null}},"34":{"start":{"line":109,"column":18},"end":{"line":109,"column":null}},"35":{"start":{"line":112,"column":23},"end":{"line":112,"column":null}},"36":{"start":{"line":114,"column":2},"end":{"line":125,"column":null}},"37":{"start":{"line":115,"column":4},"end":{"line":124,"column":null}},"38":{"start":{"line":116,"column":6},"end":{"line":123,"column":null}},"39":{"start":{"line":127,"column":2},"end":{"line":127,"column":null}},"40":{"start":{"line":134,"column":2},"end":{"line":134,"column":null}},"41":{"start":{"line":134,"column":18},"end":{"line":134,"column":null}},"42":{"start":{"line":136,"column":38},"end":{"line":136,"column":null}},"43":{"start":{"line":137,"column":18},"end":{"line":137,"column":null}},"44":{"start":{"line":140,"column":22},"end":{"line":140,"column":null}},"45":{"start":{"line":142,"column":2},"end":{"line":152,"column":null}},"46":{"start":{"line":143,"column":4},"end":{"line":151,"column":null}},"47":{"start":{"line":144,"column":6},"end":{"line":150,"column":null}},"48":{"start":{"line":154,"column":2},"end":{"line":154,"column":null}},"49":{"start":{"line":158,"column":2},"end":{"line":158,"column":null}},"50":{"start":{"line":158,"column":27},"end":{"line":158,"column":null}},"51":{"start":{"line":159,"column":2},"end":{"line":164,"column":null}},"52":{"start":{"line":159,"column":53},"end":{"line":164,"column":4}},"53":{"start":{"line":168,"column":2},"end":{"line":168,"column":null}},"54":{"start":{"line":168,"column":27},"end":{"line":168,"column":null}},"55":{"start":{"line":169,"column":2},"end":{"line":173,"column":null}},"56":{"start":{"line":169,"column":53},"end":{"line":173,"column":4}},"57":{"start":{"line":177,"column":2},"end":{"line":177,"column":null}},"58":{"start":{"line":177,"column":27},"end":{"line":177,"column":null}},"59":{"start":{"line":178,"column":2},"end":{"line":182,"column":null}},"60":{"start":{"line":178,"column":53},"end":{"line":182,"column":4}},"61":{"start":{"line":186,"column":2},"end":{"line":186,"column":null}},"62":{"start":{"line":186,"column":24},"end":{"line":186,"column":null}},"63":{"start":{"line":188,"column":34},"end":{"line":188,"column":null}},"64":{"start":{"line":189,"column":19},"end":{"line":189,"column":null}},"65":{"start":{"line":191,"column":2},"end":{"line":208,"column":null}},"66":{"start":{"line":192,"column":4},"end":{"line":207,"column":null}},"67":{"start":{"line":193,"column":6},"end":{"line":197,"column":null}},"68":{"start":{"line":198,"column":4},"end":{"line":207,"column":null}},"69":{"start":{"line":199,"column":18},"end":{"line":199,"column":null}},"70":{"start":{"line":200,"column":6},"end":{"line":206,"column":null}},"71":{"start":{"line":201,"column":8},"end":{"line":205,"column":null}},"72":{"start":{"line":210,"column":2},"end":{"line":210,"column":null}},"73":{"start":{"line":216,"column":2},"end":{"line":216,"column":null}},"74":{"start":{"line":216,"column":21},"end":{"line":216,"column":null}},"75":{"start":{"line":218,"column":63},"end":{"line":218,"column":null}},"76":{"start":{"line":220,"column":2},"end":{"line":224,"column":null}},"77":{"start":{"line":221,"column":4},"end":{"line":223,"column":null}},"78":{"start":{"line":222,"column":6},"end":{"line":222,"column":null}},"79":{"start":{"line":226,"column":2},"end":{"line":226,"column":null}}},"fnMap":{"0":{"name":"(anonymous_0)","decl":{"start":{"line":35,"column":8},"end":{"line":35,"column":17}},"loc":{"start":{"line":35,"column":62},"end":{"line":70,"column":null}},"line":35},"1":{"name":"(anonymous_1)","decl":{"start":{"line":61,"column":53},"end":{"line":61,"column":54}},"loc":{"start":{"line":61,"column":60},"end":{"line":61,"column":69}},"line":61},"2":{"name":"(anonymous_2)","decl":{"start":{"line":72,"column":8},"end":{"line":72,"column":21}},"loc":{"start":{"line":72,"column":76},"end":{"line":94,"column":null}},"line":72},"3":{"name":"(anonymous_3)","decl":{"start":{"line":96,"column":8},"end":{"line":96,"column":53}},"loc":{"start":{"line":96,"column":53},"end":{"line":99,"column":null}},"line":96},"4":{"name":"extractDirectives","decl":{"start":{"line":102,"column":9},"end":{"line":102,"column":null}},"loc":{"start":{"line":105,"column":20},"end":{"line":128,"column":null}},"line":105},"5":{"name":"extractComponents","decl":{"start":{"line":130,"column":9},"end":{"line":130,"column":null}},"loc":{"start":{"line":133,"column":19},"end":{"line":155,"column":null}},"line":133},"6":{"name":"extractAPIInputs","decl":{"start":{"line":157,"column":9},"end":{"line":157,"column":26}},"loc":{"start":{"line":157,"column":52},"end":{"line":165,"column":null}},"line":157},"7":{"name":"(anonymous_7)","decl":{"start":{"line":159,"column":17},"end":{"line":159,"column":18}},"loc":{"start":{"line":159,"column":53},"end":{"line":164,"column":4}},"line":159},"8":{"name":"extractAPIOutputs","decl":{"start":{"line":167,"column":9},"end":{"line":167,"column":27}},"loc":{"start":{"line":167,"column":54},"end":{"line":174,"column":null}},"line":167},"9":{"name":"(anonymous_9)","decl":{"start":{"line":169,"column":17},"end":{"line":169,"column":18}},"loc":{"start":{"line":169,"column":53},"end":{"line":173,"column":4}},"line":169},"10":{"name":"extractAPIModels","decl":{"start":{"line":176,"column":9},"end":{"line":176,"column":26}},"loc":{"start":{"line":176,"column":52},"end":{"line":183,"column":null}},"line":176},"11":{"name":"(anonymous_11)","decl":{"start":{"line":178,"column":17},"end":{"line":178,"column":18}},"loc":{"start":{"line":178,"column":53},"end":{"line":182,"column":4}},"line":178},"12":{"name":"extractExamples","decl":{"start":{"line":185,"column":9},"end":{"line":185,"column":25}},"loc":{"start":{"line":185,"column":94},"end":{"line":211,"column":null}},"line":185},"13":{"name":"extractInstallSnippets","decl":{"start":{"line":213,"column":9},"end":{"line":213,"column":null}},"loc":{"start":{"line":215,"column":46},"end":{"line":227,"column":null}},"line":215}},"branchMap":{"0":{"loc":{"start":{"line":35,"column":17},"end":{"line":35,"column":62}},"type":"default-arg","locations":[{"start":{"line":35,"column":27},"end":{"line":35,"column":62}}],"line":35},"1":{"loc":{"start":{"line":36,"column":4},"end":{"line":38,"column":null}},"type":"if","locations":[{"start":{"line":36,"column":4},"end":{"line":38,"column":null}},{"start":{},"end":{}}],"line":36},"2":{"loc":{"start":{"line":36,"column":8},"end":{"line":36,"column":85}},"type":"binary-expr","locations":[{"start":{"line":36,"column":8},"end":{"line":36,"column":20}},{"start":{"line":36,"column":20},"end":{"line":36,"column":33}},{"start":{"line":36,"column":33},"end":{"line":36,"column":85}}],"line":36},"3":{"loc":{"start":{"line":45,"column":4},"end":{"line":50,"column":null}},"type":"if","locations":[{"start":{"line":45,"column":4},"end":{"line":50,"column":null}},{"start":{},"end":{}}],"line":45},"4":{"loc":{"start":{"line":55,"column":4},"end":{"line":64,"column":null}},"type":"if","locations":[{"start":{"line":55,"column":4},"end":{"line":64,"column":null}},{"start":{},"end":{}}],"line":55},"5":{"loc":{"start":{"line":72,"column":35},"end":{"line":72,"column":76}},"type":"default-arg","locations":[{"start":{"line":72,"column":45},"end":{"line":72,"column":76}}],"line":72},"6":{"loc":{"start":{"line":106,"column":2},"end":{"line":106,"column":null}},"type":"if","locations":[{"start":{"line":106,"column":2},"end":{"line":106,"column":null}},{"start":{},"end":{}}],"line":106},"7":{"loc":{"start":{"line":114,"column":2},"end":{"line":125,"column":null}},"type":"if","locations":[{"start":{"line":114,"column":2},"end":{"line":125,"column":null}},{"start":{},"end":{}}],"line":114},"8":{"loc":{"start":{"line":114,"column":6},"end":{"line":114,"column":88}},"type":"binary-expr","locations":[{"start":{"line":114,"column":6},"end":{"line":114,"column":22}},{"start":{"line":114,"column":22},"end":{"line":114,"column":58}},{"start":{"line":114,"column":58},"end":{"line":114,"column":88}}],"line":114},"9":{"loc":{"start":{"line":118,"column":25},"end":{"line":118,"column":44}},"type":"binary-expr","locations":[{"start":{"line":118,"column":25},"end":{"line":118,"column":42}},{"start":{"line":118,"column":42},"end":{"line":118,"column":44}}],"line":118},"10":{"loc":{"start":{"line":119,"column":21},"end":{"line":119,"column":36}},"type":"binary-expr","locations":[{"start":{"line":119,"column":21},"end":{"line":119,"column":34}},{"start":{"line":119,"column":34},"end":{"line":119,"column":36}}],"line":119},"11":{"loc":{"start":{"line":134,"column":2},"end":{"line":134,"column":null}},"type":"if","locations":[{"start":{"line":134,"column":2},"end":{"line":134,"column":null}},{"start":{},"end":{}}],"line":134},"12":{"loc":{"start":{"line":142,"column":2},"end":{"line":152,"column":null}},"type":"if","locations":[{"start":{"line":142,"column":2},"end":{"line":152,"column":null}},{"start":{},"end":{}}],"line":142},"13":{"loc":{"start":{"line":142,"column":6},"end":{"line":142,"column":85}},"type":"binary-expr","locations":[{"start":{"line":142,"column":6},"end":{"line":142,"column":21}},{"start":{"line":142,"column":21},"end":{"line":142,"column":56}},{"start":{"line":142,"column":56},"end":{"line":142,"column":85}}],"line":142},"14":{"loc":{"start":{"line":146,"column":25},"end":{"line":146,"column":44}},"type":"binary-expr","locations":[{"start":{"line":146,"column":25},"end":{"line":146,"column":42}},{"start":{"line":146,"column":42},"end":{"line":146,"column":44}}],"line":146},"15":{"loc":{"start":{"line":147,"column":21},"end":{"line":147,"column":36}},"type":"binary-expr","locations":[{"start":{"line":147,"column":21},"end":{"line":147,"column":34}},{"start":{"line":147,"column":34},"end":{"line":147,"column":36}}],"line":147},"16":{"loc":{"start":{"line":158,"column":2},"end":{"line":158,"column":null}},"type":"if","locations":[{"start":{"line":158,"column":2},"end":{"line":158,"column":null}},{"start":{},"end":{}}],"line":158},"17":{"loc":{"start":{"line":160,"column":17},"end":{"line":160,"column":32}},"type":"binary-expr","locations":[{"start":{"line":160,"column":17},"end":{"line":160,"column":30}},{"start":{"line":160,"column":30},"end":{"line":160,"column":32}}],"line":160},"18":{"loc":{"start":{"line":161,"column":17},"end":{"line":161,"column":39}},"type":"binary-expr","locations":[{"start":{"line":161,"column":17},"end":{"line":161,"column":30}},{"start":{"line":161,"column":30},"end":{"line":161,"column":39}}],"line":161},"19":{"loc":{"start":{"line":162,"column":13},"end":{"line":162,"column":null}},"type":"cond-expr","locations":[{"start":{"line":162,"column":36},"end":{"line":162,"column":59}},{"start":{"line":162,"column":59},"end":{"line":162,"column":null}}],"line":162},"20":{"loc":{"start":{"line":163,"column":17},"end":{"line":163,"column":null}},"type":"cond-expr","locations":[{"start":{"line":163,"column":44},"end":{"line":163,"column":71}},{"start":{"line":163,"column":71},"end":{"line":163,"column":null}}],"line":163},"21":{"loc":{"start":{"line":168,"column":2},"end":{"line":168,"column":null}},"type":"if","locations":[{"start":{"line":168,"column":2},"end":{"line":168,"column":null}},{"start":{},"end":{}}],"line":168},"22":{"loc":{"start":{"line":170,"column":17},"end":{"line":170,"column":32}},"type":"binary-expr","locations":[{"start":{"line":170,"column":17},"end":{"line":170,"column":30}},{"start":{"line":170,"column":30},"end":{"line":170,"column":32}}],"line":170},"23":{"loc":{"start":{"line":171,"column":17},"end":{"line":171,"column":39}},"type":"binary-expr","locations":[{"start":{"line":171,"column":17},"end":{"line":171,"column":30}},{"start":{"line":171,"column":30},"end":{"line":171,"column":39}}],"line":171},"24":{"loc":{"start":{"line":172,"column":17},"end":{"line":172,"column":null}},"type":"cond-expr","locations":[{"start":{"line":172,"column":44},"end":{"line":172,"column":71}},{"start":{"line":172,"column":71},"end":{"line":172,"column":null}}],"line":172},"25":{"loc":{"start":{"line":177,"column":2},"end":{"line":177,"column":null}},"type":"if","locations":[{"start":{"line":177,"column":2},"end":{"line":177,"column":null}},{"start":{},"end":{}}],"line":177},"26":{"loc":{"start":{"line":179,"column":17},"end":{"line":179,"column":32}},"type":"binary-expr","locations":[{"start":{"line":179,"column":17},"end":{"line":179,"column":30}},{"start":{"line":179,"column":30},"end":{"line":179,"column":32}}],"line":179},"27":{"loc":{"start":{"line":180,"column":17},"end":{"line":180,"column":39}},"type":"binary-expr","locations":[{"start":{"line":180,"column":17},"end":{"line":180,"column":30}},{"start":{"line":180,"column":30},"end":{"line":180,"column":39}}],"line":180},"28":{"loc":{"start":{"line":181,"column":17},"end":{"line":181,"column":null}},"type":"cond-expr","locations":[{"start":{"line":181,"column":44},"end":{"line":181,"column":71}},{"start":{"line":181,"column":71},"end":{"line":181,"column":null}}],"line":181},"29":{"loc":{"start":{"line":186,"column":2},"end":{"line":186,"column":null}},"type":"if","locations":[{"start":{"line":186,"column":2},"end":{"line":186,"column":null}},{"start":{},"end":{}}],"line":186},"30":{"loc":{"start":{"line":192,"column":4},"end":{"line":207,"column":null}},"type":"if","locations":[{"start":{"line":192,"column":4},"end":{"line":207,"column":null}},{"start":{"line":198,"column":4},"end":{"line":207,"column":null}}],"line":192},"31":{"loc":{"start":{"line":192,"column":8},"end":{"line":192,"column":62}},"type":"binary-expr","locations":[{"start":{"line":192,"column":8},"end":{"line":192,"column":37}},{"start":{"line":192,"column":37},"end":{"line":192,"column":62}}],"line":192},"32":{"loc":{"start":{"line":198,"column":4},"end":{"line":207,"column":null}},"type":"if","locations":[{"start":{"line":198,"column":4},"end":{"line":207,"column":null}},{"start":{},"end":{}}],"line":198},"33":{"loc":{"start":{"line":198,"column":15},"end":{"line":198,"column":60}},"type":"binary-expr","locations":[{"start":{"line":198,"column":15},"end":{"line":198,"column":44}},{"start":{"line":198,"column":44},"end":{"line":198,"column":60}}],"line":198},"34":{"loc":{"start":{"line":200,"column":6},"end":{"line":206,"column":null}},"type":"if","locations":[{"start":{"line":200,"column":6},"end":{"line":206,"column":null}},{"start":{},"end":{}}],"line":200},"35":{"loc":{"start":{"line":204,"column":27},"end":{"line":204,"column":55}},"type":"binary-expr","locations":[{"start":{"line":204,"column":27},"end":{"line":204,"column":43}},{"start":{"line":204,"column":43},"end":{"line":204,"column":55}}],"line":204},"36":{"loc":{"start":{"line":216,"column":2},"end":{"line":216,"column":null}},"type":"if","locations":[{"start":{"line":216,"column":2},"end":{"line":216,"column":null}},{"start":{},"end":{}}],"line":216},"37":{"loc":{"start":{"line":221,"column":4},"end":{"line":223,"column":null}},"type":"if","locations":[{"start":{"line":221,"column":4},"end":{"line":223,"column":null}},{"start":{},"end":{}}],"line":221}},"s":{"0":1,"1":1,"2":1,"3":1,"4":1,"5":9,"6":1,"7":8,"8":8,"9":8,"10":1,"11":7,"12":7,"13":7,"14":1,"15":2,"16":6,"17":6,"18":6,"19":6,"20":5,"21":5,"22":5,"23":5,"24":5,"25":5,"26":5,"27":5,"28":5,"29":1,"30":1,"31":5,"32":1,"33":4,"34":4,"35":4,"36":4,"37":4,"38":4,"39":4,"40":5,"41":1,"42":4,"43":4,"44":4,"45":4,"46":4,"47":4,"48":4,"49":8,"50":0,"51":8,"52":4,"53":8,"54":0,"55":8,"56":0,"57":4,"58":0,"59":4,"60":0,"61":5,"62":1,"63":4,"64":4,"65":4,"66":8,"67":4,"68":4,"69":4,"70":4,"71":4,"72":4,"73":5,"74":1,"75":4,"76":4,"77":4,"78":4,"79":4},"f":{"0":9,"1":2,"2":5,"3":1,"4":5,"5":5,"6":8,"7":4,"8":8,"9":0,"10":4,"11":0,"12":5,"13":5},"b":{"0":[9],"1":[1,8],"2":[9,1,1],"3":[1,7],"4":[1,6],"5":[5],"6":[1,4],"7":[4,0],"8":[4,4,4],"9":[4,0],"10":[4,0],"11":[1,4],"12":[4,0],"13":[4,4,4],"14":[4,0],"15":[4,0],"16":[0,8],"17":[4,0],"18":[4,0],"19":[0,4],"20":[0,4],"21":[0,8],"22":[0,0],"23":[0,0],"24":[0,0],"25":[0,4],"26":[0,0],"27":[0,0],"28":[0,0],"29":[1,4],"30":[4,4],"31":[8,4],"32":[4,0],"33":[4,4],"34":[4,0],"35":[4,0],"36":[1,4],"37":[4,0]},"meta":{"lastBranch":38,"lastFunction":14,"lastStatement":80,"seen":{"s:21:30:21:Infinity":0,"s:23:29:27:Infinity":1,"s:30:42:30:Infinity":2,"s:31:25:31:Infinity":3,"s:32:25:32:Infinity":4,"f:35:8:35:17":0,"b:35:27:35:62":0,"b:36:4:38:Infinity:undefined:undefined:undefined:undefined":1,"s:36:4:38:Infinity":5,"b:36:8:36:20:36:20:36:33:36:33:36:85":2,"s:37:6:37:Infinity":6,"s:40:21:42:Infinity":7,"s:44:17:44:Infinity":8,"b:45:4:50:Infinity:undefined:undefined:undefined:undefined":3,"s:45:4:50:Infinity":9,"s:46:6:49:Infinity":10,"s:52:26:52:Infinity":11,"s:53:19:53:Infinity":12,"b:55:4:64:Infinity:undefined:undefined:undefined:undefined":4,"s:55:4:64:Infinity":13,"s:56:6:63:Infinity":14,"f:61:53:61:54":1,"s:61:60:61:69":15,"s:66:19:66:Infinity":16,"s:67:4:67:Infinity":17,"s:68:4:68:Infinity":18,"s:69:4:69:Infinity":19,"f:72:8:72:21":2,"b:72:45:72:76":5,"s:73:16:73:Infinity":20,"s:75:22:75:Infinity":21,"s:76:28:76:Infinity":22,"s:77:25:77:Infinity":23,"s:79:21:79:Infinity":24,"s:80:20:80:Infinity":25,"s:81:21:81:Infinity":26,"s:82:28:82:Infinity":27,"s:84:4:93:Infinity":28,"f:96:8:96:53":3,"s:97:16:97:Infinity":29,"s:98:4:98:Infinity":30,"f:102:9:102:Infinity":4,"b:106:2:106:Infinity:undefined:undefined:undefined:undefined":6,"s:106:2:106:Infinity":31,"s:106:18:106:Infinity":32,"s:108:39:108:Infinity":33,"s:109:18:109:Infinity":34,"s:112:23:112:Infinity":35,"b:114:2:125:Infinity:undefined:undefined:undefined:undefined":7,"s:114:2:125:Infinity":36,"b:114:6:114:22:114:22:114:58:114:58:114:88":8,"s:115:4:124:Infinity":37,"s:116:6:123:Infinity":38,"b:118:25:118:42:118:42:118:44":9,"b:119:21:119:34:119:34:119:36":10,"s:127:2:127:Infinity":39,"f:130:9:130:Infinity":5,"b:134:2:134:Infinity:undefined:undefined:undefined:undefined":11,"s:134:2:134:Infinity":40,"s:134:18:134:Infinity":41,"s:136:38:136:Infinity":42,"s:137:18:137:Infinity":43,"s:140:22:140:Infinity":44,"b:142:2:152:Infinity:undefined:undefined:undefined:undefined":12,"s:142:2:152:Infinity":45,"b:142:6:142:21:142:21:142:56:142:56:142:85":13,"s:143:4:151:Infinity":46,"s:144:6:150:Infinity":47,"b:146:25:146:42:146:42:146:44":14,"b:147:21:147:34:147:34:147:36":15,"s:154:2:154:Infinity":48,"f:157:9:157:26":6,"b:158:2:158:Infinity:undefined:undefined:undefined:undefined":16,"s:158:2:158:Infinity":49,"s:158:27:158:Infinity":50,"s:159:2:164:Infinity":51,"f:159:17:159:18":7,"s:159:53:164:4":52,"b:160:17:160:30:160:30:160:32":17,"b:161:17:161:30:161:30:161:39":18,"b:162:36:162:59:162:59:162:Infinity":19,"b:163:44:163:71:163:71:163:Infinity":20,"f:167:9:167:27":8,"b:168:2:168:Infinity:undefined:undefined:undefined:undefined":21,"s:168:2:168:Infinity":53,"s:168:27:168:Infinity":54,"s:169:2:173:Infinity":55,"f:169:17:169:18":9,"s:169:53:173:4":56,"b:170:17:170:30:170:30:170:32":22,"b:171:17:171:30:171:30:171:39":23,"b:172:44:172:71:172:71:172:Infinity":24,"f:176:9:176:26":10,"b:177:2:177:Infinity:undefined:undefined:undefined:undefined":25,"s:177:2:177:Infinity":57,"s:177:27:177:Infinity":58,"s:178:2:182:Infinity":59,"f:178:17:178:18":11,"s:178:53:182:4":60,"b:179:17:179:30:179:30:179:32":26,"b:180:17:180:30:180:30:180:39":27,"b:181:44:181:71:181:71:181:Infinity":28,"f:185:9:185:25":12,"b:186:2:186:Infinity:undefined:undefined:undefined:undefined":29,"s:186:2:186:Infinity":61,"s:186:24:186:Infinity":62,"s:188:34:188:Infinity":63,"s:189:19:189:Infinity":64,"s:191:2:208:Infinity":65,"b:192:4:207:Infinity:198:4:207:Infinity":30,"s:192:4:207:Infinity":66,"b:192:8:192:37:192:37:192:62":31,"s:193:6:197:Infinity":67,"b:198:4:207:Infinity:undefined:undefined:undefined:undefined":32,"s:198:4:207:Infinity":68,"b:198:15:198:44:198:44:198:60":33,"s:199:18:199:Infinity":69,"b:200:6:206:Infinity:undefined:undefined:undefined:undefined":34,"s:200:6:206:Infinity":70,"s:201:8:205:Infinity":71,"b:204:27:204:43:204:43:204:55":35,"s:210:2:210:Infinity":72,"f:213:9:213:Infinity":13,"b:216:2:216:Infinity:undefined:undefined:undefined:undefined":36,"s:216:2:216:Infinity":73,"s:216:21:216:Infinity":74,"s:218:63:218:Infinity":75,"s:220:2:224:Infinity":76,"b:221:4:223:Infinity:undefined:undefined:undefined:undefined":37,"s:221:4:223:Infinity":77,"s:222:6:222:Infinity":78,"s:226:2:226:Infinity":79}}}
,"/Users/carlos/Projects/aurora/spartan-ng-mcp/src/data/github.ts": {"path":"/Users/carlos/Projects/aurora/spartan-ng-mcp/src/data/github.ts","statementMap":{"0":{"start":{"line":12,"column":28},"end":{"line":12,"column":null}},"1":{"start":{"line":14,"column":22},"end":{"line":14,"column":null}},"2":{"start":{"line":16,"column":22},"end":{"line":16,"column":null}},"3":{"start":{"line":18,"column":22},"end":{"line":22,"column":null}},"4":{"start":{"line":25,"column":42},"end":{"line":28,"column":null}},"5":{"start":{"line":29,"column":16},"end":{"line":29,"column":null}},"6":{"start":{"line":30,"column":2},"end":{"line":32,"column":null}},"7":{"start":{"line":31,"column":4},"end":{"line":31,"column":null}},"8":{"start":{"line":33,"column":2},"end":{"line":33,"column":null}},"9":{"start":{"line":38,"column":2},"end":{"line":40,"column":null}},"10":{"start":{"line":39,"column":4},"end":{"line":39,"column":null}},"11":{"start":{"line":42,"column":21},"end":{"line":42,"column":null}},"12":{"start":{"line":43,"column":18},"end":{"line":43,"column":null}},"13":{"start":{"line":43,"column":35},"end":{"line":43,"column":55}},"14":{"start":{"line":45,"column":2},"end":{"line":94,"column":null}},"15":{"start":{"line":46,"column":16},"end":{"line":49,"column":null}},"16":{"start":{"line":52,"column":18},"end":{"line":52,"column":null}},"17":{"start":{"line":53,"column":22},"end":{"line":53,"column":null}},"18":{"start":{"line":54,"column":18},"end":{"line":54,"column":null}},"19":{"start":{"line":55,"column":4},"end":{"line":55,"column":null}},"20":{"start":{"line":55,"column":15},"end":{"line":55,"column":null}},"21":{"start":{"line":56,"column":4},"end":{"line":56,"column":null}},"22":{"start":{"line":56,"column":19},"end":{"line":56,"column":null}},"23":{"start":{"line":57,"column":4},"end":{"line":57,"column":null}},"24":{"start":{"line":57,"column":15},"end":{"line":57,"column":null}},"25":{"start":{"line":59,"column":4},"end":{"line":73,"column":null}},"26":{"start":{"line":60,"column":6},"end":{"line":65,"column":null}},"27":{"start":{"line":61,"column":8},"end":{"line":64,"column":null}},"28":{"start":{"line":66,"column":6},"end":{"line":68,"column":null}},"29":{"start":{"line":67,"column":8},"end":{"line":67,"column":null}},"30":{"start":{"line":69,"column":6},"end":{"line":72,"column":null}},"31":{"start":{"line":75,"column":4},"end":{"line":75,"column":null}},"32":{"start":{"line":77,"column":4},"end":{"line":77,"column":null}},"33":{"start":{"line":77,"column":39},"end":{"line":77,"column":null}},"34":{"start":{"line":79,"column":4},"end":{"line":85,"column":null}},"35":{"start":{"line":80,"column":6},"end":{"line":84,"column":null}},"36":{"start":{"line":87,"column":4},"end":{"line":91,"column":null}},"37":{"start":{"line":93,"column":4},"end":{"line":93,"column":null}},"38":{"start":{"line":98,"column":2},"end":{"line":107,"column":null}},"39":{"start":{"line":104,"column":4},"end":{"line":106,"column":null}},"40":{"start":{"line":111,"column":26},"end":{"line":111,"column":null}},"41":{"start":{"line":112,"column":28},"end":{"line":112,"column":null}},"42":{"start":{"line":115,"column":4},"end":{"line":115,"column":null}},"43":{"start":{"line":116,"column":16},"end":{"line":116,"column":null}},"44":{"start":{"line":117,"column":16},"end":{"line":117,"column":null}},"45":{"start":{"line":118,"column":18},"end":{"line":118,"column":null}},"46":{"start":{"line":120,"column":17},"end":{"line":120,"column":null}},"47":{"start":{"line":121,"column":4},"end":{"line":126,"column":null}},"48":{"start":{"line":122,"column":6},"end":{"line":125,"column":null}},"49":{"start":{"line":128,"column":20},"end":{"line":128,"column":null}},"50":{"start":{"line":130,"column":4},"end":{"line":135,"column":null}},"51":{"start":{"line":139,"column":4},"end":{"line":139,"column":null}},"52":{"start":{"line":140,"column":16},"end":{"line":140,"column":null}},"53":{"start":{"line":141,"column":16},"end":{"line":141,"column":null}},"54":{"start":{"line":142,"column":18},"end":{"line":142,"column":null}},"55":{"start":{"line":144,"column":4},"end":{"line":149,"column":null}},"56":{"start":{"line":145,"column":6},"end":{"line":148,"column":null}},"57":{"start":{"line":151,"column":4},"end":{"line":157,"column":null}},"58":{"start":{"line":151,"column":32},"end":{"line":157,"column":6}},"59":{"start":{"line":161,"column":4},"end":{"line":163,"column":null}},"60":{"start":{"line":162,"column":6},"end":{"line":162,"column":null}},"61":{"start":{"line":165,"column":20},"end":{"line":165,"column":null}},"62":{"start":{"line":166,"column":20},"end":{"line":168,"column":null}},"63":{"start":{"line":167,"column":13},"end":{"line":167,"column":null}},"64":{"start":{"line":170,"column":32},"end":{"line":170,"column":null}},"65":{"start":{"line":171,"column":4},"end":{"line":179,"column":null}},"66":{"start":{"line":172,"column":6},"end":{"line":172,"column":null}},"67":{"start":{"line":172,"column":41},"end":{"line":172,"column":null}},"68":{"start":{"line":173,"column":21},"end":{"line":173,"column":null}},"69":{"start":{"line":174,"column":6},"end":{"line":178,"column":null}},"70":{"start":{"line":182,"column":17},"end":{"line":182,"column":null}},"71":{"start":{"line":182,"column":39},"end":{"line":182,"column":55}},"72":{"start":{"line":183,"column":4},"end":{"line":192,"column":null}},"73":{"start":{"line":184,"column":6},"end":{"line":184,"column":null}},"74":{"start":{"line":184,"column":41},"end":{"line":184,"column":null}},"75":{"start":{"line":185,"column":23},"end":{"line":185,"column":null}},"76":{"start":{"line":186,"column":6},"end":{"line":191,"column":null}},"77":{"start":{"line":187,"column":32},"end":{"line":190,"column":10}},"78":{"start":{"line":194,"column":4},"end":{"line":194,"column":null}},"79":{"start":{"line":198,"column":4},"end":{"line":198,"column":null}},"80":{"start":{"line":199,"column":16},"end":{"line":199,"column":null}},"81":{"start":{"line":201,"column":23},"end":{"line":201,"column":null}},"82":{"start":{"line":202,"column":20},"end":{"line":202,"column":null}},"83":{"start":{"line":202,"column":37},"end":{"line":202,"column":57}},"84":{"start":{"line":204,"column":4},"end":{"line":220,"column":null}},"85":{"start":{"line":205,"column":18},"end":{"line":208,"column":null}},"86":{"start":{"line":210,"column":6},"end":{"line":215,"column":null}},"87":{"start":{"line":211,"column":8},"end":{"line":214,"column":null}},"88":{"start":{"line":217,"column":6},"end":{"line":217,"column":null}},"89":{"start":{"line":219,"column":6},"end":{"line":219,"column":null}},"90":{"start":{"line":224,"column":4},"end":{"line":230,"column":null}}},"fnMap":{"0":{"name":"getHeaders","decl":{"start":{"line":24,"column":9},"end":{"line":24,"column":46}},"loc":{"start":{"line":24,"column":46},"end":{"line":34,"column":null}},"line":24},"1":{"name":"githubFetch","decl":{"start":{"line":36,"column":15},"end":{"line":36,"column":27}},"loc":{"start":{"line":36,"column":59},"end":{"line":95,"column":null}},"line":36},"2":{"name":"(anonymous_2)","decl":{"start":{"line":43,"column":29},"end":{"line":43,"column":35}},"loc":{"start":{"line":43,"column":35},"end":{"line":43,"column":55}},"line":43},"3":{"name":"assertSafePath","decl":{"start":{"line":97,"column":9},"end":{"line":97,"column":24}},"loc":{"start":{"line":97,"column":48},"end":{"line":108,"column":null}},"line":97},"4":{"name":"(anonymous_4)","decl":{"start":{"line":114,"column":8},"end":{"line":114,"column":18}},"loc":{"start":{"line":114,"column":57},"end":{"line":136,"column":null}},"line":114},"5":{"name":"(anonymous_5)","decl":{"start":{"line":138,"column":8},"end":{"line":138,"column":23}},"loc":{"start":{"line":138,"column":64},"end":{"line":158,"column":null}},"line":138},"6":{"name":"(anonymous_6)","decl":{"start":{"line":151,"column":20},"end":{"line":151,"column":21}},"loc":{"start":{"line":151,"column":32},"end":{"line":157,"column":6}},"line":151},"7":{"name":"(anonymous_7)","decl":{"start":{"line":160,"column":8},"end":{"line":160,"column":28}},"loc":{"start":{"line":160,"column":79},"end":{"line":195,"column":null}},"line":160},"8":{"name":"(anonymous_8)","decl":{"start":{"line":167,"column":6},"end":{"line":167,"column":7}},"loc":{"start":{"line":167,"column":13},"end":{"line":167,"column":null}},"line":167},"9":{"name":"(anonymous_9)","decl":{"start":{"line":182,"column":32},"end":{"line":182,"column":33}},"loc":{"start":{"line":182,"column":39},"end":{"line":182,"column":55}},"line":182},"10":{"name":"(anonymous_10)","decl":{"start":{"line":187,"column":24},"end":{"line":187,"column":25}},"loc":{"start":{"line":187,"column":32},"end":{"line":190,"column":10}},"line":187},"11":{"name":"(anonymous_11)","decl":{"start":{"line":197,"column":8},"end":{"line":197,"column":17}},"loc":{"start":{"line":197,"column":52},"end":{"line":221,"column":null}},"line":197},"12":{"name":"(anonymous_12)","decl":{"start":{"line":202,"column":31},"end":{"line":202,"column":37}},"loc":{"start":{"line":202,"column":37},"end":{"line":202,"column":57}},"line":202},"13":{"name":"(anonymous_13)","decl":{"start":{"line":223,"column":2},"end":{"line":223,"column":32}},"loc":{"start":{"line":223,"column":32},"end":{"line":231,"column":null}},"line":223}},"branchMap":{"0":{"loc":{"start":{"line":30,"column":2},"end":{"line":32,"column":null}},"type":"if","locations":[{"start":{"line":30,"column":2},"end":{"line":32,"column":null}},{"start":{},"end":{}}],"line":30},"1":{"loc":{"start":{"line":38,"column":2},"end":{"line":40,"column":null}},"type":"if","locations":[{"start":{"line":38,"column":2},"end":{"line":40,"column":null}},{"start":{},"end":{}}],"line":38},"2":{"loc":{"start":{"line":38,"column":6},"end":{"line":38,"column":74}},"type":"binary-expr","locations":[{"start":{"line":38,"column":6},"end":{"line":38,"column":38}},{"start":{"line":38,"column":38},"end":{"line":38,"column":74}}],"line":38},"3":{"loc":{"start":{"line":55,"column":4},"end":{"line":55,"column":null}},"type":"if","locations":[{"start":{"line":55,"column":4},"end":{"line":55,"column":null}},{"start":{},"end":{}}],"line":55},"4":{"loc":{"start":{"line":56,"column":4},"end":{"line":56,"column":null}},"type":"if","locations":[{"start":{"line":56,"column":4},"end":{"line":56,"column":null}},{"start":{},"end":{}}],"line":56},"5":{"loc":{"start":{"line":57,"column":4},"end":{"line":57,"column":null}},"type":"if","locations":[{"start":{"line":57,"column":4},"end":{"line":57,"column":null}},{"start":{},"end":{}}],"line":57},"6":{"loc":{"start":{"line":59,"column":4},"end":{"line":73,"column":null}},"type":"if","locations":[{"start":{"line":59,"column":4},"end":{"line":73,"column":null}},{"start":{},"end":{}}],"line":59},"7":{"loc":{"start":{"line":60,"column":6},"end":{"line":65,"column":null}},"type":"if","locations":[{"start":{"line":60,"column":6},"end":{"line":65,"column":null}},{"start":{},"end":{}}],"line":60},"8":{"loc":{"start":{"line":66,"column":6},"end":{"line":68,"column":null}},"type":"if","locations":[{"start":{"line":66,"column":6},"end":{"line":68,"column":null}},{"start":{},"end":{}}],"line":66},"9":{"loc":{"start":{"line":66,"column":10},"end":{"line":66,"column":63}},"type":"binary-expr","locations":[{"start":{"line":66,"column":10},"end":{"line":66,"column":32}},{"start":{"line":66,"column":32},"end":{"line":66,"column":63}}],"line":66},"10":{"loc":{"start":{"line":77,"column":4},"end":{"line":77,"column":null}},"type":"if","locations":[{"start":{"line":77,"column":4},"end":{"line":77,"column":null}},{"start":{},"end":{}}],"line":77},"11":{"loc":{"start":{"line":79,"column":4},"end":{"line":85,"column":null}},"type":"if","locations":[{"start":{"line":79,"column":4},"end":{"line":85,"column":null}},{"start":{},"end":{}}],"line":79},"12":{"loc":{"start":{"line":79,"column":8},"end":{"line":79,"column":70}},"type":"binary-expr","locations":[{"start":{"line":79,"column":8},"end":{"line":79,"column":41}},{"start":{"line":79,"column":41},"end":{"line":79,"column":70}}],"line":79},"13":{"loc":{"start":{"line":98,"column":2},"end":{"line":107,"column":null}},"type":"if","locations":[{"start":{"line":98,"column":2},"end":{"line":107,"column":null}},{"start":{},"end":{}}],"line":98},"14":{"loc":{"start":{"line":99,"column":4},"end":{"line":102,"column":null}},"type":"binary-expr","locations":[{"start":{"line":99,"column":4},"end":{"line":99,"column":null}},{"start":{"line":100,"column":4},"end":{"line":100,"column":null}},{"start":{"line":101,"column":4},"end":{"line":101,"column":null}},{"start":{"line":102,"column":4},"end":{"line":102,"column":null}}],"line":99},"15":{"loc":{"start":{"line":120,"column":24},"end":{"line":120,"column":38}},"type":"binary-expr","locations":[{"start":{"line":120,"column":24},"end":{"line":120,"column":37}},{"start":{"line":120,"column":37},"end":{"line":120,"column":38}}],"line":120},"16":{"loc":{"start":{"line":121,"column":4},"end":{"line":126,"column":null}},"type":"if","locations":[{"start":{"line":121,"column":4},"end":{"line":126,"column":null}},{"start":{},"end":{}}],"line":121},"17":{"loc":{"start":{"line":128,"column":39},"end":{"line":128,"column":57}},"type":"binary-expr","locations":[{"start":{"line":128,"column":39},"end":{"line":128,"column":55}},{"start":{"line":128,"column":55},"end":{"line":128,"column":57}}],"line":128},"18":{"loc":{"start":{"line":132,"column":18},"end":{"line":132,"column":32}},"type":"binary-expr","locations":[{"start":{"line":132,"column":18},"end":{"line":132,"column":30}},{"start":{"line":132,"column":30},"end":{"line":132,"column":32}}],"line":132},"19":{"loc":{"start":{"line":134,"column":19},"end":{"line":134,"column":40}},"type":"binary-expr","locations":[{"start":{"line":134,"column":19},"end":{"line":134,"column":32}},{"start":{"line":134,"column":32},"end":{"line":134,"column":40}}],"line":134},"20":{"loc":{"start":{"line":144,"column":4},"end":{"line":149,"column":null}},"type":"if","locations":[{"start":{"line":144,"column":4},"end":{"line":149,"column":null}},{"start":{},"end":{}}],"line":144},"21":{"loc":{"start":{"line":152,"column":19},"end":{"line":152,"column":35}},"type":"binary-expr","locations":[{"start":{"line":152,"column":19},"end":{"line":152,"column":33}},{"start":{"line":152,"column":33},"end":{"line":152,"column":35}}],"line":152},"22":{"loc":{"start":{"line":153,"column":19},"end":{"line":153,"column":35}},"type":"binary-expr","locations":[{"start":{"line":153,"column":19},"end":{"line":153,"column":33}},{"start":{"line":153,"column":33},"end":{"line":153,"column":35}}],"line":153},"23":{"loc":{"start":{"line":154,"column":19},"end":{"line":154,"column":39}},"type":"binary-expr","locations":[{"start":{"line":154,"column":19},"end":{"line":154,"column":33}},{"start":{"line":154,"column":33},"end":{"line":154,"column":39}}],"line":154},"24":{"loc":{"start":{"line":155,"column":19},"end":{"line":155,"column":34}},"type":"binary-expr","locations":[{"start":{"line":155,"column":19},"end":{"line":155,"column":33}},{"start":{"line":155,"column":33},"end":{"line":155,"column":34}}],"line":155},"25":{"loc":{"start":{"line":156,"column":18},"end":{"line":156,"column":33}},"type":"binary-expr","locations":[{"start":{"line":156,"column":18},"end":{"line":156,"column":31}},{"start":{"line":156,"column":31},"end":{"line":156,"column":33}}],"line":156},"26":{"loc":{"start":{"line":160,"column":45},"end":{"line":160,"column":79}},"type":"default-arg","locations":[{"start":{"line":160,"column":53},"end":{"line":160,"column":79}}],"line":160},"27":{"loc":{"start":{"line":161,"column":4},"end":{"line":163,"column":null}},"type":"if","locations":[{"start":{"line":161,"column":4},"end":{"line":163,"column":null}},{"start":{},"end":{}}],"line":161},"28":{"loc":{"start":{"line":167,"column":13},"end":{"line":167,"column":null}},"type":"binary-expr","locations":[{"start":{"line":167,"column":13},"end":{"line":167,"column":35}},{"start":{"line":167,"column":35},"end":{"line":167,"column":61}},{"start":{"line":167,"column":61},"end":{"line":167,"column":null}}],"line":167},"29":{"loc":{"start":{"line":172,"column":6},"end":{"line":172,"column":null}},"type":"if","locations":[{"start":{"line":172,"column":6},"end":{"line":172,"column":null}},{"start":{},"end":{}}],"line":172},"30":{"loc":{"start":{"line":184,"column":6},"end":{"line":184,"column":null}},"type":"if","locations":[{"start":{"line":184,"column":6},"end":{"line":184,"column":null}},{"start":{},"end":{}}],"line":184},"31":{"loc":{"start":{"line":210,"column":6},"end":{"line":215,"column":null}},"type":"if","locations":[{"start":{"line":210,"column":6},"end":{"line":215,"column":null}},{"start":{},"end":{}}],"line":210},"32":{"loc":{"start":{"line":228,"column":18},"end":{"line":228,"column":null}},"type":"cond-expr","locations":[{"start":{"line":228,"column":42},"end":{"line":228,"column":90}},{"start":{"line":228,"column":90},"end":{"line":228,"column":null}}],"line":228}},"s":{"0":1,"1":1,"2":1,"3":1,"4":11,"5":11,"6":11,"7":0,"8":11,"9":11,"10":0,"11":11,"12":11,"13":0,"14":11,"15":11,"16":9,"17":9,"18":9,"19":9,"20":9,"21":9,"22":9,"23":9,"24":9,"25":9,"26":3,"27":1,"28":2,"29":1,"30":1,"31":6,"32":5,"33":3,"34":2,"35":1,"36":1,"37":11,"38":18,"39":5,"40":18,"41":18,"42":12,"43":12,"44":12,"45":3,"46":3,"47":12,"48":1,"49":2,"50":12,"51":3,"52":3,"53":3,"54":3,"55":3,"56":1,"57":2,"58":4,"59":2,"60":1,"61":1,"62":1,"63":2,"64":1,"65":1,"66":1,"67":0,"68":1,"69":1,"70":1,"71":2,"72":1,"73":0,"74":0,"75":0,"76":0,"77":0,"78":1,"79":3,"80":3,"81":3,"82":3,"83":0,"84":3,"85":3,"86":2,"87":1,"88":1,"89":2,"90":2},"f":{"0":11,"1":11,"2":0,"3":18,"4":12,"5":3,"6":4,"7":2,"8":2,"9":2,"10":0,"11":3,"12":0,"13":2},"b":{"0":[0,11],"1":[0,11],"2":[11,0],"3":[9,0],"4":[9,0],"5":[9,0],"6":[3,6],"7":[1,2],"8":[1,1],"9":[2,1],"10":[3,2],"11":[1,1],"12":[2,1],"13":[5,13],"14":[18,16,15,14],"15":[3,0],"16":[1,11],"17":[2,0],"18":[12,0],"19":[12,0],"20":[1,2],"21":[4,0],"22":[4,0],"23":[4,0],"24":[4,0],"25":[4,0],"26":[2],"27":[1,1],"28":[2,2,1],"29":[0,1],"30":[0,0],"31":[1,1],"32":[2,0]},"meta":{"lastBranch":33,"lastFunction":14,"lastStatement":91,"seen":{"s:12:28:12:Infinity":0,"s:14:22:14:Infinity":1,"s:16:22:16:Infinity":2,"s:18:22:22:Infinity":3,"f:24:9:24:46":0,"s:25:42:28:Infinity":4,"s:29:16:29:Infinity":5,"b:30:2:32:Infinity:undefined:undefined:undefined:undefined":0,"s:30:2:32:Infinity":6,"s:31:4:31:Infinity":7,"s:33:2:33:Infinity":8,"f:36:15:36:27":1,"b:38:2:40:Infinity:undefined:undefined:undefined:undefined":1,"s:38:2:40:Infinity":9,"b:38:6:38:38:38:38:38:74":2,"s:39:4:39:Infinity":10,"s:42:21:42:Infinity":11,"s:43:18:43:Infinity":12,"f:43:29:43:35":2,"s:43:35:43:55":13,"s:45:2:94:Infinity":14,"s:46:16:49:Infinity":15,"s:52:18:52:Infinity":16,"s:53:22:53:Infinity":17,"s:54:18:54:Infinity":18,"b:55:4:55:Infinity:undefined:undefined:undefined:undefined":3,"s:55:4:55:Infinity":19,"s:55:15:55:Infinity":20,"b:56:4:56:Infinity:undefined:undefined:undefined:undefined":4,"s:56:4:56:Infinity":21,"s:56:19:56:Infinity":22,"b:57:4:57:Infinity:undefined:undefined:undefined:undefined":5,"s:57:4:57:Infinity":23,"s:57:15:57:Infinity":24,"b:59:4:73:Infinity:undefined:undefined:undefined:undefined":6,"s:59:4:73:Infinity":25,"b:60:6:65:Infinity:undefined:undefined:undefined:undefined":7,"s:60:6:65:Infinity":26,"s:61:8:64:Infinity":27,"b:66:6:68:Infinity:undefined:undefined:undefined:undefined":8,"s:66:6:68:Infinity":28,"b:66:10:66:32:66:32:66:63":9,"s:67:8:67:Infinity":29,"s:69:6:72:Infinity":30,"s:75:4:75:Infinity":31,"b:77:4:77:Infinity:undefined:undefined:undefined:undefined":10,"s:77:4:77:Infinity":32,"s:77:39:77:Infinity":33,"b:79:4:85:Infinity:undefined:undefined:undefined:undefined":11,"s:79:4:85:Infinity":34,"b:79:8:79:41:79:41:79:70":12,"s:80:6:84:Infinity":35,"s:87:4:91:Infinity":36,"s:93:4:93:Infinity":37,"f:97:9:97:24":3,"b:98:2:107:Infinity:undefined:undefined:undefined:undefined":13,"s:98:2:107:Infinity":38,"b:99:4:99:Infinity:100:4:100:Infinity:101:4:101:Infinity:102:4:102:Infinity":14,"s:104:4:106:Infinity":39,"s:111:26:111:Infinity":40,"s:112:28:112:Infinity":41,"f:114:8:114:18":4,"s:115:4:115:Infinity":42,"s:116:16:116:Infinity":43,"s:117:16:117:Infinity":44,"s:118:18:118:Infinity":45,"s:120:17:120:Infinity":46,"b:120:24:120:37:120:37:120:38":15,"b:121:4:126:Infinity:undefined:undefined:undefined:undefined":16,"s:121:4:126:Infinity":47,"s:122:6:125:Infinity":48,"s:128:20:128:Infinity":49,"b:128:39:128:55:128:55:128:57":17,"s:130:4:135:Infinity":50,"b:132:18:132:30:132:30:132:32":18,"b:134:19:134:32:134:32:134:40":19,"f:138:8:138:23":5,"s:139:4:139:Infinity":51,"s:140:16:140:Infinity":52,"s:141:16:141:Infinity":53,"s:142:18:142:Infinity":54,"b:144:4:149:Infinity:undefined:undefined:undefined:undefined":20,"s:144:4:149:Infinity":55,"s:145:6:148:Infinity":56,"s:151:4:157:Infinity":57,"f:151:20:151:21":6,"s:151:32:157:6":58,"b:152:19:152:33:152:33:152:35":21,"b:153:19:153:33:153:33:153:35":22,"b:154:19:154:33:154:33:154:39":23,"b:155:19:155:33:155:33:155:34":24,"b:156:18:156:31:156:31:156:33":25,"f:160:8:160:28":7,"b:160:53:160:79":26,"b:161:4:163:Infinity:undefined:undefined:undefined:undefined":27,"s:161:4:163:Infinity":59,"s:162:6:162:Infinity":60,"s:165:20:165:Infinity":61,"s:166:20:168:Infinity":62,"f:167:6:167:7":8,"s:167:13:167:Infinity":63,"b:167:13:167:35:167:35:167:61:167:61:167:Infinity":28,"s:170:32:170:Infinity":64,"s:171:4:179:Infinity":65,"b:172:6:172:Infinity:undefined:undefined:undefined:undefined":29,"s:172:6:172:Infinity":66,"s:172:41:172:Infinity":67,"s:173:21:173:Infinity":68,"s:174:6:178:Infinity":69,"s:182:17:182:Infinity":70,"f:182:32:182:33":9,"s:182:39:182:55":71,"s:183:4:192:Infinity":72,"b:184:6:184:Infinity:undefined:undefined:undefined:undefined":30,"s:184:6:184:Infinity":73,"s:184:41:184:Infinity":74,"s:185:23:185:Infinity":75,"s:186:6:191:Infinity":76,"f:187:24:187:25":10,"s:187:32:190:10":77,"s:194:4:194:Infinity":78,"f:197:8:197:17":11,"s:198:4:198:Infinity":79,"s:199:16:199:Infinity":80,"s:201:23:201:Infinity":81,"s:202:20:202:Infinity":82,"f:202:31:202:37":12,"s:202:37:202:57":83,"s:204:4:220:Infinity":84,"s:205:18:208:Infinity":85,"b:210:6:215:Infinity:undefined:undefined:undefined:undefined":31,"s:210:6:215:Infinity":86,"s:211:8:214:Infinity":87,"s:217:6:217:Infinity":88,"s:219:6:219:Infinity":89,"f:223:2:223:32":13,"s:224:4:230:Infinity":90,"b:228:42:228:90:228:90:228:Infinity":32}}}
,"/Users/carlos/Projects/aurora/spartan-ng-mcp/src/errors/errors.ts": {"path":"/Users/carlos/Projects/aurora/spartan-ng-mcp/src/errors/errors.ts","statementMap":{"0":{"start":{"line":1,"column":32},"end":{"line":27,"column":null}},"1":{"start":{"line":45,"column":4},"end":{"line":45,"column":null}},"2":{"start":{"line":46,"column":4},"end":{"line":46,"column":null}},"3":{"start":{"line":47,"column":4},"end":{"line":47,"column":null}},"4":{"start":{"line":48,"column":4},"end":{"line":48,"column":null}},"5":{"start":{"line":49,"column":4},"end":{"line":49,"column":null}},"6":{"start":{"line":50,"column":4},"end":{"line":50,"column":null}},"7":{"start":{"line":54,"column":4},"end":{"line":61,"column":null}},"8":{"start":{"line":66,"column":2},"end":{"line":71,"column":null}},"9":{"start":{"line":75,"column":2},"end":{"line":79,"column":null}},"10":{"start":{"line":83,"column":20},"end":{"line":83,"column":null}},"11":{"start":{"line":84,"column":2},"end":{"line":89,"column":null}},"12":{"start":{"line":93,"column":2},"end":{"line":96,"column":null}}},"fnMap":{"0":{"name":"(anonymous_0)","decl":{"start":{"line":44,"column":2},"end":{"line":44,"column":14}},"loc":{"start":{"line":44,"column":61},"end":{"line":51,"column":null}},"line":44},"1":{"name":"(anonymous_1)","decl":{"start":{"line":53,"column":2},"end":{"line":53,"column":11}},"loc":{"start":{"line":53,"column":11},"end":{"line":62,"column":null}},"line":53},"2":{"name":"componentNotFound","decl":{"start":{"line":65,"column":16},"end":{"line":65,"column":34}},"loc":{"start":{"line":65,"column":62},"end":{"line":72,"column":null}},"line":65},"3":{"name":"blockNotFound","decl":{"start":{"line":74,"column":16},"end":{"line":74,"column":30}},"loc":{"start":{"line":74,"column":79},"end":{"line":80,"column":null}},"line":74},"4":{"name":"rateLimited","decl":{"start":{"line":82,"column":16},"end":{"line":82,"column":28}},"loc":{"start":{"line":82,"column":59},"end":{"line":90,"column":null}},"line":82},"5":{"name":"ssrfViolation","decl":{"start":{"line":92,"column":16},"end":{"line":92,"column":30}},"loc":{"start":{"line":92,"column":75},"end":{"line":97,"column":null}},"line":92}},"branchMap":{},"s":{"0":9,"1":49,"2":49,"3":49,"4":49,"5":49,"6":49,"7":1,"8":1,"9":1,"10":2,"11":2,"12":8},"f":{"0":49,"1":1,"2":1,"3":1,"4":2,"5":8},"b":{},"meta":{"lastBranch":0,"lastFunction":6,"lastStatement":13,"seen":{"s:1:32:27:Infinity":0,"f:44:2:44:14":0,"s:45:4:45:Infinity":1,"s:46:4:46:Infinity":2,"s:47:4:47:Infinity":3,"s:48:4:48:Infinity":4,"s:49:4:49:Infinity":5,"s:50:4:50:Infinity":6,"f:53:2:53:11":1,"s:54:4:61:Infinity":7,"f:65:16:65:34":2,"s:66:2:71:Infinity":8,"f:74:16:74:30":3,"s:75:2:79:Infinity":9,"f:82:16:82:28":4,"s:83:20:83:Infinity":10,"s:84:2:89:Infinity":11,"f:92:16:92:30":5,"s:93:2:96:Infinity":12}}}
,"/Users/carlos/Projects/aurora/spartan-ng-mcp/src/project/detector.ts": {"path":"/Users/carlos/Projects/aurora/spartan-ng-mcp/src/project/detector.ts","statementMap":{"0":{"start":{"line":7,"column":2},"end":{"line":12,"column":null}},"1":{"start":{"line":8,"column":4},"end":{"line":8,"column":null}},"2":{"start":{"line":9,"column":4},"end":{"line":9,"column":null}},"3":{"start":{"line":11,"column":4},"end":{"line":11,"column":null}},"4":{"start":{"line":16,"column":2},"end":{"line":21,"column":null}},"5":{"start":{"line":17,"column":16},"end":{"line":17,"column":null}},"6":{"start":{"line":18,"column":4},"end":{"line":18,"column":null}},"7":{"start":{"line":20,"column":4},"end":{"line":20,"column":null}},"8":{"start":{"line":25,"column":2},"end":{"line":29,"column":null}},"9":{"start":{"line":26,"column":4},"end":{"line":26,"column":null}},"10":{"start":{"line":28,"column":4},"end":{"line":28,"column":null}},"11":{"start":{"line":33,"column":2},"end":{"line":38,"column":null}},"12":{"start":{"line":34,"column":4},"end":{"line":34,"column":null}},"13":{"start":{"line":34,"column":59},"end":{"line":34,"column":null}},"14":{"start":{"line":35,"column":4},"end":{"line":35,"column":null}},"15":{"start":{"line":35,"column":54},"end":{"line":35,"column":null}},"16":{"start":{"line":36,"column":4},"end":{"line":36,"column":null}},"17":{"start":{"line":36,"column":54},"end":{"line":36,"column":null}},"18":{"start":{"line":37,"column":4},"end":{"line":37,"column":null}},"19":{"start":{"line":42,"column":8},"end":{"line":42,"column":null}},"20":{"start":{"line":45,"column":2},"end":{"line":51,"column":null}},"21":{"start":{"line":46,"column":4},"end":{"line":46,"column":null}},"22":{"start":{"line":48,"column":4},"end":{"line":50,"column":null}},"23":{"start":{"line":54,"column":14},"end":{"line":54,"column":null}},"24":{"start":{"line":55,"column":15},"end":{"line":58,"column":null}},"25":{"start":{"line":61,"column":25},"end":{"line":63,"column":null}},"26":{"start":{"line":66,"column":17},"end":{"line":66,"column":null}},"27":{"start":{"line":67,"column":24},"end":{"line":67,"column":null}},"28":{"start":{"line":68,"column":20},"end":{"line":68,"column":null}},"29":{"start":{"line":71,"column":22},"end":{"line":71,"column":null}},"30":{"start":{"line":72,"column":58},"end":{"line":72,"column":null}},"31":{"start":{"line":73,"column":2},"end":{"line":82,"column":null}},"32":{"start":{"line":74,"column":21},"end":{"line":74,"column":null}},"33":{"start":{"line":75,"column":4},"end":{"line":81,"column":null}},"34":{"start":{"line":76,"column":27},"end":{"line":76,"column":null}},"35":{"start":{"line":77,"column":17},"end":{"line":77,"column":null}},"36":{"start":{"line":78,"column":6},"end":{"line":80,"column":null}},"37":{"start":{"line":79,"column":8},"end":{"line":79,"column":null}},"38":{"start":{"line":85,"column":19},"end":{"line":85,"column":null}},"39":{"start":{"line":86,"column":25},"end":{"line":89,"column":null}},"40":{"start":{"line":90,"column":2},"end":{"line":96,"column":null}},"41":{"start":{"line":91,"column":20},"end":{"line":91,"column":null}},"42":{"start":{"line":92,"column":4},"end":{"line":95,"column":null}},"43":{"start":{"line":93,"column":6},"end":{"line":93,"column":null}},"44":{"start":{"line":94,"column":6},"end":{"line":94,"column":null}},"45":{"start":{"line":99,"column":42},"end":{"line":99,"column":null}},"46":{"start":{"line":102,"column":21},"end":{"line":102,"column":null}},"47":{"start":{"line":103,"column":20},"end":{"line":103,"column":null}},"48":{"start":{"line":104,"column":27},"end":{"line":106,"column":null}},"49":{"start":{"line":105,"column":11},"end":{"line":105,"column":null}},"50":{"start":{"line":107,"column":27},"end":{"line":107,"column":null}},"51":{"start":{"line":107,"column":56},"end":{"line":107,"column":91}},"52":{"start":{"line":110,"column":66},"end":{"line":110,"column":null}},"53":{"start":{"line":111,"column":42},"end":{"line":111,"column":null}},"54":{"start":{"line":112,"column":25},"end":{"line":112,"column":null}},"55":{"start":{"line":114,"column":2},"end":{"line":130,"column":null}},"56":{"start":{"line":120,"column":10},"end":{"line":120,"column":null}},"57":{"start":{"line":121,"column":20},"end":{"line":121,"column":null}},"58":{"start":{"line":122,"column":4},"end":{"line":129,"column":null}},"59":{"start":{"line":123,"column":6},"end":{"line":123,"column":null}},"60":{"start":{"line":124,"column":6},"end":{"line":124,"column":null}},"61":{"start":{"line":125,"column":6},"end":{"line":127,"column":null}},"62":{"start":{"line":126,"column":8},"
[...]
,"/Users/carlos/Projects/aurora/spartan-ng-mcp/src/utils/fetch.ts": {"path":"/Users/carlos/Projects/aurora/spartan-ng-mcp/src/utils/fetch.ts","statementMap":{"0":{"start":{"line":11,"column":88},"end":{"line":11,"column":null}},"1":{"start":{"line":13,"column":2},"end":{"line":27,"column":null}},"2":{"start":{"line":14,"column":19},"end":{"line":14,"column":null}},"3":{"start":{"line":15,"column":4},"end":{"line":17,"column":null}},"4":{"start":{"line":16,"column":6},"end":{"line":16,"column":null}},"5":{"start":{"line":18,"column":4},"end":{"line":20,"column":null}},"6":{"start":{"line":19,"column":6},"end":{"line":19,"column":null}},"7":{"start":{"line":21,"column":4},"end":{"line":23,"column":null}},"8":{"start":{"line":22,"column":6},"end":{"line":22,"column":null}},"9":{"start":{"line":24,"column":4},"end":{"line":26,"column":null}},"10":{"start":{"line":25,"column":6},"end":{"line":25,"column":null}},"11":{"start":{"line":29,"column":21},"end":{"line":29,"column":null}},"12":{"start":{"line":30,"column":18},"end":{"line":30,"column":null}},"13":{"start":{"line":30,"column":35},"end":{"line":30,"column":55}},"14":{"start":{"line":32,"column":2},"end":{"line":67,"column":null}},"15":{"start":{"line":33,"column":21},"end":{"line":39,"column":null}},"16":{"start":{"line":41,"column":4},"end":{"line":46,"column":null}},"17":{"start":{"line":42,"column":6},"end":{"line":45,"column":null}},"18":{"start":{"line":48,"column":4},"end":{"line":48,"column":null}},"19":{"start":{"line":50,"column":4},"end":{"line":50,"column":null}},"20":{"start":{"line":50,"column":39},"end":{"line":50,"column":null}},"21":{"start":{"line":52,"column":4},"end":{"line":58,"column":null}},"22":{"start":{"line":53,"column":6},"end":{"line":57,"column":null}},"23":{"start":{"line":60,"column":4},"end":{"line":64,"column":null}},"24":{"start":{"line":66,"column":4},"end":{"line":66,"column":null}}},"fnMap":{"0":{"name":"safeFetch","decl":{"start":{"line":10,"column":22},"end":{"line":10,"column":32}},"loc":{"start":{"line":10,"column":92},"end":{"line":68,"column":null}},"line":10},"1":{"name":"(anonymous_1)","decl":{"start":{"line":30,"column":29},"end":{"line":30,"column":35}},"loc":{"start":{"line":30,"column":35},"end":{"line":30,"column":55}},"line":30}},"branchMap":{"0":{"loc":{"start":{"line":10,"column":45},"end":{"line":10,"column":92}},"type":"default-arg","locations":[{"start":{"line":10,"column":69},"end":{"line":10,"column":92}}],"line":10},"1":{"loc":{"start":{"line":11,"column":10},"end":{"line":11,"column":48}},"type":"default-arg","locations":[{"start":{"line":11,"column":22},"end":{"line":11,"column":48}}],"line":11},"2":{"loc":{"start":{"line":11,"column":48},"end":{"line":11,"column":62}},"type":"default-arg","locations":[{"start":{"line":11,"column":58},"end":{"line":11,"column":62}}],"line":11},"3":{"loc":{"start":{"line":11,"column":62},"end":{"line":11,"column":84}},"type":"default-arg","locations":[{"start":{"line":11,"column":78},"end":{"line":11,"column":84}}],"line":11},"4":{"loc":{"start":{"line":13,"column":2},"end":{"line":27,"column":null}},"type":"if","locations":[{"start":{"line":13,"column":2},"end":{"line":27,"column":null}},{"start":{},"end":{}}],"line":13},"5":{"loc":{"start":{"line":15,"column":4},"end":{"line":17,"column":null}},"type":"if","locations":[{"start":{"line":15,"column":4},"end":{"line":17,"column":null}},{"start":{},"end":{}}],"line":15},"6":{"loc":{"start":{"line":18,"column":4},"end":{"line":20,"column":null}},"type":"if","locations":[{"start":{"line":18,"column":4},"end":{"line":20,"column":null}},{"start":{},"end":{}}],"line":18},"7":{"loc":{"start":{"line":21,"column":4},"end":{"line":23,"column":null}},"type":"if","locations":[{"start":{"line":21,"column":4},"end":{"line":23,"column":null}},{"start":{},"end":{}}],"line":21},"8":{"loc":{"start":{"line":21,"column":8},"end":{"line":21,"column":44}},"type":"binary-expr","locations":[{"start":{"line":21,"column":8},"end":{"line":21,"column":27}},{"start":{"line":21,"column":27},"end":{"line":21,"column":44}}],"line":21},"9":{"loc":{"start":{"line":24,"column":4},"end":{"line":26,"column":null}},"type":"if","locations":[{"start":{"line":24,"column":4},"end":{"line":26,"column":null}},{"start":{},"end":{}}],"line":24},"10":{"loc":{"start":{"line":41,"column":4},"end":{"line":46,"column":null}},"type":"if","locations":[{"start":{"line":41,"column":4},"end":{"line":46,"column":null}},{"start":{},"end":{}}],"line":41},"11":{"loc":{"start":{"line":50,"column":4},"end":{"line":50,"column":null}},"type":"if","locations":[{"start":{"line":50,"column":4},"end":{"line":50,"column":null}},{"start":{},"end":{}}],"line":50},"12":{"loc":{"start":{"line":52,"column":4},"end":{"line":58,"column":null}},"type":"if","locations":[{"start":{"line":52,"column":4},"end":{"line":58,"column":null}},{"start":{},"end":{}}],"line":52},"13":{"loc":{"start":{"line":52,"column":8},"end":{"line":52,"column":70}},"type":"binary-expr","locations":[{"start":{"line":52,"column":8},"end":{"line":52,"column":41}},{"start":{"line":52,"column":41},"end":{"line":52,"column":70}}],"line":52}},"s":{"0":25,"1":25,"2":24,"3":24,"4":2,"5":22,"6":1,"7":21,"8":2,"9":19,"10":2,"11":18,"12":18,"13":0,"14":18,"15":18,"16":13,"17":2,"18":11,"19":7,"20":3,"21":4,"22":2,"23":2,"24":18},"f":{"0":25,"1":0},"b":{"0":[25],"1":[25],"2":[25],"3":[25],"4":[24,1],"5":[2,22],"6":[1,21],"7":[2,19],"8":[21,19],"9":[2,17],"10":[2,11],"11":[3,4],"12":[2,2],"13":[4,2]},"meta":{"lastBranch":14,"lastFunction":2,"lastStatement":25,"seen":{"f:10:22:10:32":0,"b:10:69:10:92":0,"s:11:88:11:Infinity":0,"b:11:22:11:48":1,"b:11:58:11:62":2,"b:11:78:11:84":3,"b:13:2:27:Infinity:undefined:undefined:undefined:undefined":4,"s:13:2:27:Infinity":1,"s:14:19:14:Infinity":2,"b:15:4:17:Infinity:undefined:undefined:undefined:undefined":5,"s:15:4:17:Infinity":3,"s:16:6:16:Infinity":4,"b:18:4:20:Infinity:undefined:undefined:undefined:undefined":6,"s:18:4:20:Infinity":5,"s:19:6:19:Infinity":6,"b:21:4:23:Infinity:undefined:undefined:undefined:undefined":7,"s:21:4:23:Infinity":7,"b:21:8:21:27:21:27:21:44":8,"s:22:6:22:Infinity":8,"b:24:4:26:Infinity:undefined:undefined:undefined:undefined":9,"s:24:4:26:Infinity":9,"s:25:6:25:Infinity":10,"s:29:21:29:Infinity":11,"s:30:18:30:Infinity":12,"f:30:29:30:35":1,"s:30:35:30:55":13,"s:32:2:67:Infinity":14,"s:33:21:39:Infinity":15,"b:41:4:46:Infinity:undefined:undefined:undefined:undefined":10,"s:41:4:46:Infinity":16,"s:42:6:45:Infinity":17,"s:48:4:48:Infinity":18,"b:50:4:50:Infinity:undefined:undefined:undefined:undefined":11,"s:50:4:50:Infinity":19,"s:50:39:50:Infinity":20,"b:52:4:58:Infinity:undefined:undefined:undefined:undefined":12,"s:52:4:58:Infinity":21,"b:52:8:52:41:52:41:52:70":13,"s:53:6:57:Infinity":22,"s:60:4:64:Infinity":23,"s:66:4:66:Infinity":24}}}
,"/Users/carlos/Projects/aurora/spartan-ng-mcp/src/utils/html.ts": {"path":"/Users/carlos/Projects/aurora/spartan-ng-mcp/src/utils/html.ts","statementMap":{"0":{"start":{"line":17,"column":13},"end":{"line":17,"column":null}},"1":{"start":{"line":19,"column":2},"end":{"line":19,"column":null}},"2":{"start":{"line":20,"column":2},"end":{"line":20,"column":null}},"3":{"start":{"line":22,"column":2},"end":{"line":22,"column":null}},"4":{"start":{"line":23,"column":2},"end":{"line":23,"column":null}},"5":{"start":{"line":25,"column":2},"end":{"line":25,"column":null}},"6":{"start":{"line":27,"column":2},"end":{"line":33,"column":null}},"7":{"start":{"line":35,"column":2},"end":{"line":35,"column":null}},"8":{"start":{"line":36,"column":2},"end":{"line":36,"column":null}},"9":{"start":{"line":37,"column":2},"end":{"line":37,"column":null}},"10":{"start":{"line":41,"column":30},"end":{"line":41,"column":null}},"11":{"start":{"line":43,"column":4},"end":{"line":43,"column":null}},"12":{"start":{"line":46,"column":2},"end":{"line":52,"column":null}},"13":{"start":{"line":47,"column":21},"end":{"line":47,"column":null}},"14":{"start":{"line":48,"column":20},"end":{"line":48,"column":null}},"15":{"start":{"line":49,"column":4},"end":{"line":51,"column":null}},"16":{"start":{"line":50,"column":6},"end":{"line":50,"column":null}},"17":{"start":{"line":54,"column":2},"end":{"line":54,"column":null}},"18":{"start":{"line":58,"column":30},"end":{"line":58,"column":null}},"19":{"start":{"line":59,"column":16},"end":{"line":59,"column":null}},"20":{"start":{"line":62,"column":2},"end":{"line":67,"column":null}},"21":{"start":{"line":63,"column":4},"end":{"line":66,"column":null}},"22":{"start":{"line":69,"column":2},"end":{"line":69,"column":null}},"23":{"start":{"line":73,"column":24},"end":{"line":73,"column":null}},"24":{"start":{"line":74,"column":16},"end":{"line":74,"column":null}},"25":{"start":{"line":77,"column":2},"end":{"line":83,"column":null}},"26":{"start":{"line":78,"column":17},"end":{"line":78,"column":null}},"27":{"start":{"line":79,"column":17},"end":{"line":79,"column":null}},"28":{"start":{"line":80,"column":4},"end":{"line":82,"column":null}},"29":{"start":{"line":81,"column":6},"end":{"line":81,"column":null}},"30":{"start":{"line":85,"column":2},"end":{"line":85,"column":null}}},"fnMap":{"0":{"name":"htmlToText","decl":{"start":{"line":16,"column":16},"end":{"line":16,"column":27}},"loc":{"start":{"line":16,"column":49},"end":{"line":38,"column":null}},"line":16},"1":{"name":"extractCodeBlocks","decl":{"start":{"line":40,"column":16},"end":{"line":40,"column":34}},"loc":{"start":{"line":40,"column":61},"end":{"line":55,"column":null}},"line":40},"2":{"name":"extractHeadings","decl":{"start":{"line":57,"column":16},"end":{"line":57,"column":32}},"loc":{"start":{"line":57,"column":57},"end":{"line":70,"column":null}},"line":57},"3":{"name":"extractLinks","decl":{"start":{"line":72,"column":16},"end":{"line":72,"column":29}},"loc":{"start":{"line":72,"column":51},"end":{"line":86,"column":null}},"line":72}},"branchMap":{"0":{"loc":{"start":{"line":47,"column":21},"end":{"line":47,"column":null}},"type":"binary-expr","locations":[{"start":{"line":47,"column":21},"end":{"line":47,"column":33}},{"start":{"line":47,"column":33},"end":{"line":47,"column":null}}],"line":47},"1":{"loc":{"start":{"line":49,"column":4},"end":{"line":51,"column":null}},"type":"if","locations":[{"start":{"line":49,"column":4},"end":{"line":51,"column":null}},{"start":{},"end":{}}],"line":49},"2":{"loc":{"start":{"line":80,"column":4},"end":{"line":82,"column":null}},"type":"if","locations":[{"start":{"line":80,"column":4},"end":{"line":82,"column":null}},{"start":{},"end":{}}],"line":80},"3":{"loc":{"start":{"line":80,"column":8},"end":{"line":80,"column":22}},"type":"binary-expr","locations":[{"start":{"line":80,"column":8},"end":{"line":80,"column":16}},{"start":{"line":80,"column":16},"end":{"line":80,"column":22}}],"line":80}},"s":{"0":23,"1":23,"2":23,"3":23,"4":23,"5":23,"6":23,"7":23,"8":23,"9":23,"10":5,"11":5,"12":5,"13":5,"14":5,"15":5,"16":4,"17":5,"18":3,"19":3,"20":3,"21":4,"22":3,"23":5,"24":5,"25":5,"26":5,"27":5,"28":5,"29":4,"30":5},"f":{"0":23,"1":5,"2":3,"3":5},"b":{"0":[5,2],"1":[4,1],"2":[4,1],"3":[5,5]},"meta":{"lastBranch":4,"lastFunction":4,"lastStatement":31,"seen":{"f:16:16:16:27":0,"s:17:13:17:Infinity":0,"s:19:2:19:Infinity":1,"s:20:2:20:Infinity":2,"s:22:2:22:Infinity":3,"s:23:2:23:Infinity":4,"s:25:2:25:Infinity":5,"s:27:2:33:Infinity":6,"s:35:2:35:Infinity":7,"s:36:2:36:Infinity":8,"s:37:2:37:Infinity":9,"f:40:16:40:34":1,"s:41:30:41:Infinity":10,"s:43:4:43:Infinity":11,"s:46:2:52:Infinity":12,"s:47:21:47:Infinity":13,"b:47:21:47:33:47:33:47:Infinity":0,"s:48:20:48:Infinity":14,"b:49:4:51:Infinity:undefined:undefined:undefined:undefined":1,"s:49:4:51:Infinity":15,"s:50:6:50:Infinity":16,"s:54:2:54:Infinity":17,"f:57:16:57:32":2,"s:58:30:58:Infinity":18,"s:59:16:59:Infinity":19,"s:62:2:67:Infinity":20,"s:63:4:66:Infinity":21,"s:69:2:69:Infinity":22,"f:72:16:72:29":3,"s:73:24:73:Infinity":23,"s:74:16:74:Infinity":24,"s:77:2:83:Infinity":25,"s:78:17:78:Infinity":26,"s:79:17:79:Infinity":27,"b:80:4:82:Infinity:undefined:undefined:undefined:undefined":2,"s:80:4:82:Infinity":28,"b:80:8:80:16:80:16:80:22":3,"s:81:6:81:Infinity":29,"s:85:2:85:Infinity":30}}}
,"/Users/carlos/Projects/aurora/spartan-ng-mcp/src/utils/imports.ts": {"path":"/Users/carlos/Projects/aurora/spartan-ng-mcp/src/utils/imports.ts","statementMap":{"0":{"start":{"line":9,"column":31},"end":{"line":9,"column":null}},"1":{"start":{"line":10,"column":31},"end":{"line":10,"column":null}},"2":{"start":{"line":11,"column":27},"end":{"line":11,"column":null}},"3":{"start":{"line":12,"column":29},"end":{"line":12,"column":null}},"4":{"start":{"line":14,"column":22},"end":{"line":14,"column":null}},"5":{"start":{"line":17,"column":2},"end":{"line":38,"column":null}},"6":{"start":{"line":18,"column":18},"end":{"line":21,"column":null}},"7":{"start":{"line":20,"column":18},"end":{"line":20,"column":26}},"8":{"start":{"line":22,"column":17},"end":{"line":22,"column":null}},"9":{"start":{"line":24,"column":4},"end":{"line":37,"column":null}},"10":{"start":{"line":25,"column":19},"end":{"line":25,"column":null}},"11":{"start":{"line":26,"column":6},"end":{"line":26,"column":null}},"12":{"start":{"line":26,"column":17},"end":{"line":26,"column":null}},"13":{"start":{"line":28,"column":6},"end":{"line":36,"column":null}},"14":{"start":{"line":29,"column":8},"end":{"line":29,"column":null}},"15":{"start":{"line":30,"column":6},"end":{"line":36,"column":null}},"16":{"start":{"line":31,"column":8},"end":{"line":31,"column":null}},"17":{"start":{"line":32,"column":6},"end":{"line":36,"column":null}},"18":{"start":{"line":33,"column":8},"end":{"line":33,"column":null}},"19":{"start":{"line":34,"column":6},"end":{"line":36,"column":null}},"20":{"start":{"line":35,"column":8},"end":{"line":35,"column":null}},"21":{"start":{"line":40,"column":2},"end":{"line":45,"column":null}},"22":{"start":{"line":49,"column":31},"end":{"line":49,"column":null}},"23":{"start":{"line":52,"column":24},"end":{"line":52,"column":null}},"24":{"start":{"line":54,"column":2},"end":{"line":56,"column":null}},"25":{"start":{"line":55,"column":4},"end":{"line":55,"column":null}},"26":{"start":{"line":59,"column":27},"end":{"line":59,"column":null}},"27":{"start":{"line":60,"column":2},"end":{"line":68,"column":null}},"28":{"start":{"line":61,"column":18},"end":{"line":64,"column":null}},"29":{"start":{"line":63,"column":18},"end":{"line":63,"column":26}},"30":{"start":{"line":65,"column":4},"end":{"line":67,"column":null}},"31":{"start":{"line":66,"column":6},"end":{"line":66,"column":null}},"32":{"start":{"line":71,"column":27},"end":{"line":71,"column":null}},"33":{"start":{"line":72,"column":2},"end":{"line":74,"column":null}},"34":{"start":{"line":73,"column":4},"end":{"line":73,"column":null}},"35":{"start":{"line":76,"column":2},"end":{"line":76,"column":null}}},"fnMap":{"0":{"name":"extractImportsFromSource","decl":{"start":{"line":8,"column":16},"end":{"line":8,"column":41}},"loc":{"start":{"line":8,"column":75},"end":{"line":46,"column":null}},"line":8},"1":{"name":"(anonymous_1)","decl":{"start":{"line":20,"column":11},"end":{"line":20,"column":12}},"loc":{"start":{"line":20,"column":18},"end":{"line":20,"column":26}},"line":20},"2":{"name":"extractExportsFromIndex","decl":{"start":{"line":48,"column":16},"end":{"line":48,"column":40}},"loc":{"start":{"line":48,"column":67},"end":{"line":77,"column":null}},"line":48},"3":{"name":"(anonymous_3)","decl":{"start":{"line":63,"column":11},"end":{"line":63,"column":12}},"loc":{"start":{"line":63,"column":18},"end":{"line":63,"column":26}},"line":63}},"branchMap":{"0":{"loc":{"start":{"line":26,"column":6},"end":{"line":26,"column":null}},"type":"if","locations":[{"start":{"line":26,"column":6},"end":{"line":26,"column":null}},{"start":{},"end":{}}],"line":26},"1":{"loc":{"start":{"line":28,"column":6},"end":{"line":36,"column":null}},"type":"if","locations":[{"start":{"line":28,"column":6},"end":{"line":36,"column":null}},{"start":{"line":30,"column":6},"end":{"line":36,"column":null}}],"line":28},"2":{"loc":{"start":{"line":30,"column":6},"end":{"line":36,"column":null}},"type":"if","locations":[{"start":{"line":30,"column":6},"end":{"line":36,"column":null}},{"start":{"line":32,"column":6},"end":{"line":36,"column":null}}],"line":30},"3":{"loc":{"start":{"line":32,"column":6},"end":{"line":36,"column":null}},"type":"if","locations":[{"start":{"line":32,"column":6},"end":{"line":36,"column":null}},{"start":{"line":34,"column":6},"end":{"line":36,"column":null}}],"line":32},"4":{"loc":{"start":{"line":34,"column":6},"end":{"line":36,"column":null}},"type":"if","locations":[{"start":{"line":34,"column":6},"end":{"line":36,"column":null}},{"start":{},"end":{}}],"line":34},"5":{"loc":{"start":{"line":34,"column":17},"end":{"line":34,"column":65}},"type":"binary-expr","locations":[{"start":{"line":34,"column":17},"end":{"line":34,"column":42}},{"start":{"line":34,"column":42},"end":{"line":34,"column":65}}],"line":34}},"s":{"0":11,"1":11,"2":11,"3":11,"4":11,"5":11,"6":15,"7":20,"8":15,"9":15,"10":20,"11":20,"12":0,"13":20,"14":7,"15":13,"16":2,"17":11,"18":7,"19":4,"20":2,"21":11,"22":5,"23":5,"24":5,"25":1,"26":5,"27":5,"28":2,"29":3,"30":2,"31":3,"32":5,"33":5,"34":6,"35":5},"f":{"0":11,"1":20,"2":5,"3":3},"b":{"0":[0,20],"1":[7,13],"2":[2,11],"3":[7,4],"4":[2,2],"5":[4,2]},"meta":{"lastBranch":6,"lastFunction":4,"lastStatement":36,"seen":{"f:8:16:8:41":0,"s:9:31:9:Infinity":0,"s:10:31:10:Infinity":1,"s:11:27:11:Infinity":2,"s:12:29:12:Infinity":3,"s:14:22:14:Infinity":4,"s:17:2:38:Infinity":5,"s:18:18:21:Infinity":6,"f:20:11:20:12":1,"s:20:18:20:26":7,"s:22:17:22:Infinity":8,"s:24:4:37:Infinity":9,"s:25:19:25:Infinity":10,"b:26:6:26:Infinity:undefined:undefined:undefined:undefined":0,"s:26:6:26:Infinity":11,"s:26:17:26:Infinity":12,"b:28:6:36:Infinity:30:6:36:Infinity":1,"s:28:6:36:Infinity":13,"s:29:8:29:Infinity":14,"b:30:6:36:Infinity:32:6:36:Infinity":2,"s:30:6:36:Infinity":15,"s:31:8:31:Infinity":16,"b:32:6:36:Infinity:34:6:36:Infinity":3,"s:32:6:36:Infinity":17,"s:33:8:33:Infinity":18,"b:34:6:36:Infinity:undefined:undefined:undefined:undefined":4,"s:34:6:36:Infinity":19,"b:34:17:34:42:34:42:34:65":5,"s:35:8:35:Infinity":20,"s:40:2:45:Infinity":21,"f:48:16:48:40":2,"s:49:31:49:Infinity":22,"s:52:24:52:Infinity":23,"s:54:2:56:Infinity":24,"s:55:4:55:Infinity":25,"s:59:27:59:Infinity":26,"s:60:2:68:Infinity":27,"s:61:18:64:Infinity":28,"f:63:11:63:12":3,"s:63:18:63:26":29,"s:65:4:67:Infinity":30,"s:66:6:66:Infinity":31,"s:71:27:71:Infinity":32,"s:72:2:74:Infinity":33,"s:73:4:73:Infinity":34,"s:76:2:76:Infinity":35}}}
}
